##############################################################################################################
#
# Rosetta crash log. Please submit the contents of this file to http://crash.rosettacommons.org/
# or use the script Rosetta/main/source/scripts/python/public/report_crashes.py
#

[START_CRASH_REPORT]
[ROSETTA_VERSION]: 2023.24+release.9fbc647ae70
[COMMIT_DATE]: 2023-06-12T20:26:27.842148
[APPLICATION]: UNKNOWN APPLICATION
[MODE]: Release
[EXTRAS]: default
[OS]: Apple Mac OS X
[COMPILER]: Clang version "9.0.0 (clang-900.0.39.2)"
[STDLIB]: libc++ version 4000
[START_OPTIONS]
NO OPTIONS SPECIFIED

[END_OPTIONS]

[START_BACKTRACE]: RAW_LIBC
0   rosetta_scripts.static.macosclangre 0x000000010638018f backtrace_string(int) + 79
1   rosetta_scripts.static.macosclangre 0x00000001062eaa1c utility::excn::Exception::Exception(char const*, int, std::__1::basic_string<char, std::__1::char_traits<char>, std::__1::allocator<char> > const&) + 204
2   rosetta_scripts.static.macosclangre 0x00000001062a7c7c utility::options::OptionCollection::load_options_from_file_exception(std::__1::basic_string<char, std::__1::char_traits<char>, std::__1::allocator<char> > const&, std::__1::basic_string<char, std::__1::char_traits<char>, std::__1::allocator<char> > const&) + 540
3   rosetta_scripts.static.macosclangre 0x00000001062a1f08 utility::options::OptionCollection::load(std::__1::basic_string<char, std::__1::char_traits<char>, std::__1::allocator<char> >, std::__1::list<std::__1::basic_string<char, std::__1::char_traits<char>, std::__1::allocator<char> >, std::__1::allocator<std::__1::basic_string<char, std::__1::char_traits<char>, std::__1::allocator<char> > > >&, bool) + 520
4   rosetta_scripts.static.macosclangre 0x00000001062a303a utility::options::OptionCollection::load(int, char* const*, bool) + 586
5   rosetta_scripts.static.macosclangre 0x00000001048512e2 core::init::init(int, char**) + 50
6   rosetta_scripts.static.macosclangre 0x000000010244b4b6 main + 38
7   dyld                                0x0000000209e0552e start + 462
8   ???                                 0x0000000000000003 0x0 + 3

[END_BACKTRACE]

[FILE]: src/utility/options/OptionCollection.cc
[LINE]: 572
[START_MESSAGE]
Option file open failed for: 'mutateNCAA.flags'

[END_MESSAGE]
[END_CRASH_REPORT]

##############################################################################################################
#
# Rosetta crash log. Please submit the contents of this file to http://crash.rosettacommons.org/
# or use the script Rosetta/main/source/scripts/python/public/report_crashes.py
#

[START_CRASH_REPORT]
[ROSETTA_VERSION]: 2023.24+release.9fbc647ae70
[COMMIT_DATE]: 2023-06-12T20:26:27.842148
[APPLICATION]: UNKNOWN APPLICATION
[MODE]: Release
[EXTRAS]: default
[OS]: Apple Mac OS X
[COMPILER]: Clang version "9.0.0 (clang-900.0.39.2)"
[STDLIB]: libc++ version 4000
[START_OPTIONS]
NO OPTIONS SPECIFIED

[END_OPTIONS]

[START_BACKTRACE]: RAW_LIBC
0   rosetta_scripts.static.macosclangre 0x0000000108ddb18f backtrace_string(int) + 79
1   rosetta_scripts.static.macosclangre 0x0000000108d45a1c utility::excn::Exception::Exception(char const*, int, std::__1::basic_string<char, std::__1::char_traits<char>, std::__1::allocator<char> > const&) + 204
2   rosetta_scripts.static.macosclangre 0x0000000108d02c7c utility::options::OptionCollection::load_options_from_file_exception(std::__1::basic_string<char, std::__1::char_traits<char>, std::__1::allocator<char> > const&, std::__1::basic_string<char, std::__1::char_traits<char>, std::__1::allocator<char> > const&) + 540
3   rosetta_scripts.static.macosclangre 0x0000000108cfcf08 utility::options::OptionCollection::load(std::__1::basic_string<char, std::__1::char_traits<char>, std::__1::allocator<char> >, std::__1::list<std::__1::basic_string<char, std::__1::char_traits<char>, std::__1::allocator<char> >, std::__1::allocator<std::__1::basic_string<char, std::__1::char_traits<char>, std::__1::allocator<char> > > >&, bool) + 520
4   rosetta_scripts.static.macosclangre 0x0000000108cfe03a utility::options::OptionCollection::load(int, char* const*, bool) + 586
5   rosetta_scripts.static.macosclangre 0x00000001072ac2e2 core::init::init(int, char**) + 50
6   rosetta_scripts.static.macosclangre 0x0000000104ea64b6 main + 38
7   dyld                                0x000000020c78752e start + 462
8   ???                                 0x0000000000000003 0x0 + 3

[END_BACKTRACE]

[FILE]: src/utility/options/OptionCollection.cc
[LINE]: 572
[START_MESSAGE]
Option file open failed for: 'mutateNCAA.flags'

[END_MESSAGE]
[END_CRASH_REPORT]

##############################################################################################################
#
# Rosetta crash log. Please submit the contents of this file to http://crash.rosettacommons.org/
# or use the script Rosetta/main/source/scripts/python/public/report_crashes.py
#

[START_CRASH_REPORT]
[ROSETTA_VERSION]: 2023.24+release.9fbc647ae70
[COMMIT_DATE]: 2023-06-12T20:26:27.842148
[APPLICATION]: UNKNOWN APPLICATION
[MODE]: Release
[EXTRAS]: default
[OS]: Apple Mac OS X
[COMPILER]: Clang version "9.0.0 (clang-900.0.39.2)"
[STDLIB]: libc++ version 4000
[START_OPTIONS]
NO OPTIONS SPECIFIED

[END_OPTIONS]

[START_BACKTRACE]: RAW_LIBC
0   rosetta_scripts.static.macosclangre 0x000000010624818f backtrace_string(int) + 79
1   rosetta_scripts.static.macosclangre 0x00000001061b2a1c utility::excn::Exception::Exception(char const*, int, std::__1::basic_string<char, std::__1::char_traits<char>, std::__1::allocator<char> > const&) + 204
2   rosetta_scripts.static.macosclangre 0x000000010616fc7c utility::options::OptionCollection::load_options_from_file_exception(std::__1::basic_string<char, std::__1::char_traits<char>, std::__1::allocator<char> > const&, std::__1::basic_string<char, std::__1::char_traits<char>, std::__1::allocator<char> > const&) + 540
3   rosetta_scripts.static.macosclangre 0x0000000106169f08 utility::options::OptionCollection::load(std::__1::basic_string<char, std::__1::char_traits<char>, std::__1::allocator<char> >, std::__1::list<std::__1::basic_string<char, std::__1::char_traits<char>, std::__1::allocator<char> >, std::__1::allocator<std::__1::basic_string<char, std::__1::char_traits<char>, std::__1::allocator<char> > > >&, bool) + 520
4   rosetta_scripts.static.macosclangre 0x000000010616b03a utility::options::OptionCollection::load(int, char* const*, bool) + 586
5   rosetta_scripts.static.macosclangre 0x00000001047192e2 core::init::init(int, char**) + 50
6   rosetta_scripts.static.macosclangre 0x00000001023134b6 main + 38
7   dyld                                0x0000000209d8252e start + 462
8   ???                                 0x0000000000000003 0x0 + 3

[END_BACKTRACE]

[FILE]: src/utility/options/OptionCollection.cc
[LINE]: 572
[START_MESSAGE]
Option file open failed for: 'mutateNCAA.flags'

[END_MESSAGE]
[END_CRASH_REPORT]

##############################################################################################################
#
# Rosetta crash log. Please submit the contents of this file to http://crash.rosettacommons.org/
# or use the script Rosetta/main/source/scripts/python/public/report_crashes.py
#

[START_CRASH_REPORT]
[ROSETTA_VERSION]: 2023.24+release.9fbc647ae70
[COMMIT_DATE]: 2023-06-12T20:26:27.842148
[APPLICATION]: UNKNOWN APPLICATION
[MODE]: Release
[EXTRAS]: default
[OS]: Apple Mac OS X
[COMPILER]: Clang version "9.0.0 (clang-900.0.39.2)"
[STDLIB]: libc++ version 4000
[START_OPTIONS]
NO OPTIONS SPECIFIED

[END_OPTIONS]

[START_BACKTRACE]: RAW_LIBC
0   rosetta_scripts.static.macosclangre 0x00000001048c518f backtrace_string(int) + 79
1   rosetta_scripts.static.macosclangre 0x000000010482fa1c utility::excn::Exception::Exception(char const*, int, std::__1::basic_string<char, std::__1::char_traits<char>, std::__1::allocator<char> > const&) + 204
2   rosetta_scripts.static.macosclangre 0x00000001047ecc7c utility::options::OptionCollection::load_options_from_file_exception(std::__1::basic_string<char, std::__1::char_traits<char>, std::__1::allocator<char> > const&, std::__1::basic_string<char, std::__1::char_traits<char>, std::__1::allocator<char> > const&) + 540
3   rosetta_scripts.static.macosclangre 0x00000001047e6f08 utility::options::OptionCollection::load(std::__1::basic_string<char, std::__1::char_traits<char>, std::__1::allocator<char> >, std::__1::list<std::__1::basic_string<char, std::__1::char_traits<char>, std::__1::allocator<char> >, std::__1::allocator<std::__1::basic_string<char, std::__1::char_traits<char>, std::__1::allocator<char> > > >&, bool) + 520
4   rosetta_scripts.static.macosclangre 0x00000001047e803a utility::options::OptionCollection::load(int, char* const*, bool) + 586
5   rosetta_scripts.static.macosclangre 0x0000000102d962e2 core::init::init(int, char**) + 50
6   rosetta_scripts.static.macosclangre 0x00000001009904b6 main + 38
7   dyld                                0x00000002083c252e start + 462
8   ???                                 0x0000000000000003 0x0 + 3

[END_BACKTRACE]

[FILE]: src/utility/options/OptionCollection.cc
[LINE]: 572
[START_MESSAGE]
Option file open failed for: 'mutateNCAA.flags'

[END_MESSAGE]
[END_CRASH_REPORT]

##############################################################################################################
#
# Rosetta crash log. Please submit the contents of this file to http://crash.rosettacommons.org/
# or use the script Rosetta/main/source/scripts/python/public/report_crashes.py
#

[START_CRASH_REPORT]
[ROSETTA_VERSION]: 2023.24+release.9fbc647ae70
[COMMIT_DATE]: 2023-06-12T20:26:27.842148
[APPLICATION]: UNKNOWN APPLICATION
[MODE]: Release
[EXTRAS]: default
[OS]: Apple Mac OS X
[COMPILER]: Clang version "9.0.0 (clang-900.0.39.2)"
[STDLIB]: libc++ version 4000
[START_OPTIONS]
NO OPTIONS SPECIFIED

[END_OPTIONS]

[START_BACKTRACE]: RAW_LIBC
0   rosetta_scripts.static.macosclangre 0x00000001084e718f backtrace_string(int) + 79
1   rosetta_scripts.static.macosclangre 0x0000000108451a1c utility::excn::Exception::Exception(char const*, int, std::__1::basic_string<char, std::__1::char_traits<char>, std::__1::allocator<char> > const&) + 204
2   rosetta_scripts.static.macosclangre 0x000000010840ec7c utility::options::OptionCollection::load_options_from_file_exception(std::__1::basic_string<char, std::__1::char_traits<char>, std::__1::allocator<char> > const&, std::__1::basic_string<char, std::__1::char_traits<char>, std::__1::allocator<char> > const&) + 540
3   rosetta_scripts.static.macosclangre 0x0000000108408f08 utility::options::OptionCollection::load(std::__1::basic_string<char, std::__1::char_traits<char>, std::__1::allocator<char> >, std::__1::list<std::__1::basic_string<char, std::__1::char_traits<char>, std::__1::allocator<char> >, std::__1::allocator<std::__1::basic_string<char, std::__1::char_traits<char>, std::__1::allocator<char> > > >&, bool) + 520
4   rosetta_scripts.static.macosclangre 0x000000010840a03a utility::options::OptionCollection::load(int, char* const*, bool) + 586
5   rosetta_scripts.static.macosclangre 0x00000001069b82e2 core::init::init(int, char**) + 50
6   rosetta_scripts.static.macosclangre 0x00000001045b24b6 main + 38
7   dyld                                0x000000020be4b52e start + 462
8   ???                                 0x0000000000000003 0x0 + 3

[END_BACKTRACE]

[FILE]: src/utility/options/OptionCollection.cc
[LINE]: 572
[START_MESSAGE]
Option file open failed for: 'mutateNCAA.flags'

[END_MESSAGE]
[END_CRASH_REPORT]

##############################################################################################################
#
# Rosetta crash log. Please submit the contents of this file to http://crash.rosettacommons.org/
# or use the script Rosetta/main/source/scripts/python/public/report_crashes.py
#

[START_CRASH_REPORT]
[ROSETTA_VERSION]: 2023.24+release.9fbc647ae70
[COMMIT_DATE]: 2023-06-12T20:26:27.842148
[APPLICATION]: UNKNOWN APPLICATION
[MODE]: Release
[EXTRAS]: default
[OS]: Apple Mac OS X
[COMPILER]: Clang version "9.0.0 (clang-900.0.39.2)"
[STDLIB]: libc++ version 4000
[START_OPTIONS]
NO OPTIONS SPECIFIED

[END_OPTIONS]

[START_BACKTRACE]: RAW_LIBC
0   rosetta_scripts.static.macosclangre 0x0000000106d2c18f backtrace_string(int) + 79
1   rosetta_scripts.static.macosclangre 0x0000000106c96a1c utility::excn::Exception::Exception(char const*, int, std::__1::basic_string<char, std::__1::char_traits<char>, std::__1::allocator<char> > const&) + 204
2   rosetta_scripts.static.macosclangre 0x0000000106c53c7c utility::options::OptionCollection::load_options_from_file_exception(std::__1::basic_string<char, std::__1::char_traits<char>, std::__1::allocator<char> > const&, std::__1::basic_string<char, std::__1::char_traits<char>, std::__1::allocator<char> > const&) + 540
3   rosetta_scripts.static.macosclangre 0x0000000106c4df08 utility::options::OptionCollection::load(std::__1::basic_string<char, std::__1::char_traits<char>, std::__1::allocator<char> >, std::__1::list<std::__1::basic_string<char, std::__1::char_traits<char>, std::__1::allocator<char> >, std::__1::allocator<std::__1::basic_string<char, std::__1::char_traits<char>, std::__1::allocator<char> > > >&, bool) + 520
4   rosetta_scripts.static.macosclangre 0x0000000106c4f03a utility::options::OptionCollection::load(int, char* const*, bool) + 586
5   rosetta_scripts.static.macosclangre 0x00000001051fd2e2 core::init::init(int, char**) + 50
6   rosetta_scripts.static.macosclangre 0x0000000102df74b6 main + 38
7   dyld                                0x000000020a63f52e start + 462
8   ???                                 0x0000000000000003 0x0 + 3

[END_BACKTRACE]

[FILE]: src/utility/options/OptionCollection.cc
[LINE]: 572
[START_MESSAGE]
Option file open failed for: 'mutateNCAA.flags'

[END_MESSAGE]
[END_CRASH_REPORT]

##############################################################################################################
#
# Rosetta crash log. Please submit the contents of this file to http://crash.rosettacommons.org/
# or use the script Rosetta/main/source/scripts/python/public/report_crashes.py
#

[START_CRASH_REPORT]
[ROSETTA_VERSION]: 2023.24+release.9fbc647ae70
[COMMIT_DATE]: 2023-06-12T20:26:27.842148
[APPLICATION]: UNKNOWN APPLICATION
[MODE]: Release
[EXTRAS]: default
[OS]: Apple Mac OS X
[COMPILER]: Clang version "9.0.0 (clang-900.0.39.2)"
[STDLIB]: libc++ version 4000
[START_OPTIONS]
NO OPTIONS SPECIFIED

[END_OPTIONS]

[START_BACKTRACE]: RAW_LIBC
0   rosetta_scripts.static.macosclangre 0x000000010854318f backtrace_string(int) + 79
1   rosetta_scripts.static.macosclangre 0x00000001084ada1c utility::excn::Exception::Exception(char const*, int, std::__1::basic_string<char, std::__1::char_traits<char>, std::__1::allocator<char> > const&) + 204
2   rosetta_scripts.static.macosclangre 0x000000010846ac7c utility::options::OptionCollection::load_options_from_file_exception(std::__1::basic_string<char, std::__1::char_traits<char>, std::__1::allocator<char> > const&, std::__1::basic_string<char, std::__1::char_traits<char>, std::__1::allocator<char> > const&) + 540
3   rosetta_scripts.static.macosclangre 0x0000000108464f08 utility::options::OptionCollection::load(std::__1::basic_string<char, std::__1::char_traits<char>, std::__1::allocator<char> >, std::__1::list<std::__1::basic_string<char, std::__1::char_traits<char>, std::__1::allocator<char> >, std::__1::allocator<std::__1::basic_string<char, std::__1::char_traits<char>, std::__1::allocator<char> > > >&, bool) + 520
4   rosetta_scripts.static.macosclangre 0x000000010846603a utility::options::OptionCollection::load(int, char* const*, bool) + 586
5   rosetta_scripts.static.macosclangre 0x0000000106a142e2 core::init::init(int, char**) + 50
6   rosetta_scripts.static.macosclangre 0x000000010460e4b6 main + 38
7   dyld                                0x000000020c14452e start + 462
8   ???                                 0x0000000000000003 0x0 + 3

[END_BACKTRACE]

[FILE]: src/utility/options/OptionCollection.cc
[LINE]: 572
[START_MESSAGE]
Option file open failed for: 'mutateNCAA.flags'

[END_MESSAGE]
[END_CRASH_REPORT]

##############################################################################################################
#
# Rosetta crash log. Please submit the contents of this file to http://crash.rosettacommons.org/
# or use the script Rosetta/main/source/scripts/python/public/report_crashes.py
#

[START_CRASH_REPORT]
[ROSETTA_VERSION]: 2023.24+release.9fbc647ae70
[COMMIT_DATE]: 2023-06-12T20:26:27.842148
[APPLICATION]: /Users/willete3/rosetta.binary.mac.release-351/main/source/bin/rosetta_scripts.static.macosclangrelease
[MODE]: Release
[EXTRAS]: default
[OS]: Apple Mac OS X
[COMPILER]: Clang version "9.0.0 (clang-900.0.39.2)"
[STDLIB]: libc++ version 4000
[START_OPTIONS]
 -in:file:s=hNSP4_14mer_align.pdb -in:file:extra_res=BIP.params TIC.params -in:file:fullatom -inout:write_all_connect_info -out:overwrite -out:nstruct=1 -out:prefix=MDOCK_ -out:pdb -out:mute=protocols.generalized_kinematic_closure.filter.GeneralizedKICfilter core.chemical.AtomICoor core.conformation.Residue -out:file:scorefile=score_MutatePACK -parser:protocol=MutateAF_Fix.xml -jd2:failed_job_exception=false

[END_OPTIONS]

[START_BACKTRACE]: RAW_LIBC
0   rosetta_scripts.static.macosclangre 0x0000000104c2618f backtrace_string(int) + 79
1   rosetta_scripts.static.macosclangre 0x0000000104b90a1c utility::excn::Exception::Exception(char const*, int, std::__1::basic_string<char, std::__1::char_traits<char>, std::__1::allocator<char> > const&) + 204
2   rosetta_scripts.static.macosclangre 0x0000000102f94447 protocols::rosetta_scripts::RosettaScriptsParser::validate_input_script_against_xsd(std::__1::basic_string<char, std::__1::char_traits<char>, std::__1::allocator<char> > const&, std::__1::basic_stringstream<char, std::__1::char_traits<char>, std::__1::allocator<char> > const&) const + 2423
3   rosetta_scripts.static.macosclangre 0x0000000102f928a5 protocols::rosetta_scripts::RosettaScriptsParser::finish_creating_tag(std::__1::basic_string<char, std::__1::char_traits<char>, std::__1::allocator<char> > const&, utility::vector1<std::__1::basic_string<char, std::__1::char_traits<char>, std::__1::allocator<char> >, std::__1::allocator<std::__1::basic_string<char, std::__1::char_traits<char>, std::__1::allocator<char> > > > const&, std::__1::basic_string<char, std::__1::char_traits<char>, std::__1::allocator<char> > const&) const + 677
4   rosetta_scripts.static.macosclangre 0x0000000102f90a34 protocols::rosetta_scripts::RosettaScriptsParser::create_tag_from_xml(std::__1::basic_string<char, std::__1::char_traits<char>, std::__1::allocator<char> > const&, utility::vector1<std::__1::basic_string<char, std::__1::char_traits<char>, std::__1::allocator<char> >, std::__1::allocator<std::__1::basic_string<char, std::__1::char_traits<char>, std::__1::allocator<char> > > > const&) + 260
5   rosetta_scripts.static.macosclangre 0x0000000102f905e3 protocols::rosetta_scripts::RosettaScriptsParser::create_tag_from_xml(std::__1::basic_string<char, std::__1::char_traits<char>, std::__1::allocator<char> > const&, utility::options::OptionCollection const&) + 355
6   rosetta_scripts.static.macosclangre 0x0000000102f96753 protocols::rosetta_scripts::RosettaScriptsParser::generate_mover(std::__1::shared_ptr<protocols::moves::Mover>&, bool, std::__1::basic_string<char, std::__1::char_traits<char>, std::__1::allocator<char> > const&, std::__1::basic_string<char, std::__1::char_traits<char>, std::__1::allocator<char> > const&, std::__1::basic_string<char, std::__1::char_traits<char>, std::__1::allocator<char> > const&, bool) + 451
7   rosetta_scripts.static.macosclangre 0x0000000102ffec38 protocols::jd2::JobDistributor::run_one_job(std::__1::shared_ptr<protocols::moves::Mover>&, long, std::__1::basic_string<char, std::__1::char_traits<char>, std::__1::allocator<char> >&, std::__1::basic_string<char, std::__1::char_traits<char>, std::__1::allocator<char> >&, unsigned long&, unsigned long&, bool) + 5672
8   rosetta_scripts.static.macosclangre 0x0000000102ffca33 protocols::jd2::JobDistributor::go_main(std::__1::shared_ptr<protocols::moves::Mover>) + 195
9   rosetta_scripts.static.macosclangre 0x0000000102ff8482 protocols::jd2::FileSystemJobDistributor::go(std::__1::shared_ptr<protocols::moves::Mover>) + 66
10  rosetta_scripts.static.macosclangre 0x0000000100cf1a34 main + 1444
11  dyld                                0x000000020851b52e start + 462
12  ???                                 0x0000000000000003 0x0 + 3

[END_BACKTRACE]

[FILE]: src/protocols/rosetta_scripts/RosettaScriptsParser.cc
[LINE]: 1217
[START_MESSAGE]
Input rosetta scripts XML file "MutateAF_Fix.xml" failed to validate against the rosetta scripts schema. Use the option -parser::output_schema <output filename> to output the schema to a file to see all valid options.
Your XML has failed validation.  The error message below will tell you where in your XML file the error occurred.  Here's how to fix it:

1) If the validation fails on something obvious, like an illegal attribute due to a spelling error (perhaps you used scorefnction instead of scorefunction), then you need to fix your XML file.
2) If you haven't run the XML rewriter script and this might be pre-2017 Rosetta XML, run the rewriter script (tools/xsd_xrw/rewrite_rosetta_script.py) on your input XML first.  The attribute values not being in quotes (scorefunction=talaris2014 instead of scorefunction="talaris2014") is a good indicator that this is your problem.
3) If you are a developer and neither 1 nor 2 worked - email the developer's mailing list or try Slack.
4) If you are an academic or commercial user - try the Rosetta Forums https://www.rosettacommons.org/forum


Error messages were:
Error: Specification mandate value for attribute n

21:         <RestrictToRepacking name="rtrp"/>
22: 	</TASKOPERATIONS>
23: 	<FILTERS>
24: 	</FILTERS>
25: 	<MOVERS>
26:         <MutateResidue name="mutate_2" residue_selector="residue2" n new_res="C27" eserve_atom_coords="true" mutate_self="false" />
27:         <MutateResidue name="mutate_3" residue_selector="residue2" n new_res="ARG" eserve_atom_coords="true" mutate_self="false" />
28:         <MutateResidue name="mutate_4" residue_selector="residue2" n new_res="ASP" eserve_atom_coords="true" mutate_self="false" />
29:         <MutateResidue name="mutate_5" residue_selector="residue2" n new_res="TYR" eserve_atom_coords="true" mutate_self="false" />
30:         <MutateResidue name="mutate_6" residue_selector="residue2" n new_res="TYR" eserve_atom_coords="true" mutate_self="false" />
31:         <MutateResidue name="mutate_7" residue_selector="residue2" n new_res="VAL" eserve_atom_coords="true" mutate_self="false" />
Error: attributes construct error

21:         <RestrictToRepacking name="rtrp"/>
22: 	</TASKOPERATIONS>
23: 	<FILTERS>
24: 	</FILTERS>
25: 	<MOVERS>
26:         <MutateResidue name="mutate_2" residue_selector="residue2" n new_res="C27" eserve_atom_coords="true" mutate_self="false" />
27:         <MutateResidue name="mutate_3" residue_selector="residue2" n new_res="ARG" eserve_atom_coords="true" mutate_self="false" />
28:         <MutateResidue name="mutate_4" residue_selector="residue2" n new_res="ASP" eserve_atom_coords="true" mutate_self="false" />
29:         <MutateResidue name="mutate_5" residue_selector="residue2" n new_res="TYR" eserve_atom_coords="true" mutate_self="false" />
30:         <MutateResidue name="mutate_6" residue_selector="residue2" n new_res="TYR" eserve_atom_coords="true" mutate_self="false" />
31:         <MutateResidue name="mutate_7" residue_selector="residue2" n new_res="VAL" eserve_atom_coords="true" mutate_self="false" />
Error: Couldn't find end of Start Tag MutateResidue line 26

21:         <RestrictToRepacking name="rtrp"/>
22: 	</TASKOPERATIONS>
23: 	<FILTERS>
24: 	</FILTERS>
25: 	<MOVERS>
26:         <MutateResidue name="mutate_2" residue_selector="residue2" n new_res="C27" eserve_atom_coords="true" mutate_self="false" />
27:         <MutateResidue name="mutate_3" residue_selector="residue2" n new_res="ARG" eserve_atom_coords="true" mutate_self="false" />
28:         <MutateResidue name="mutate_4" residue_selector="residue2" n new_res="ASP" eserve_atom_coords="true" mutate_self="false" />
29:         <MutateResidue name="mutate_5" residue_selector="residue2" n new_res="TYR" eserve_atom_coords="true" mutate_self="false" />
30:         <MutateResidue name="mutate_6" residue_selector="residue2" n new_res="TYR" eserve_atom_coords="true" mutate_self="false" />
31:         <MutateResidue name="mutate_7" residue_selector="residue2" n new_res="VAL" eserve_atom_coords="true" mutate_self="false" />
Error: Specification mandate value for attribute n

22: 	</TASKOPERATIONS>
23: 	<FILTERS>
24: 	</FILTERS>
25: 	<MOVERS>
26:         <MutateResidue name="mutate_2" residue_selector="residue2" n new_res="C27" eserve_atom_coords="true" mutate_self="false" />
27:         <MutateResidue name="mutate_3" residue_selector="residue2" n new_res="ARG" eserve_atom_coords="true" mutate_self="false" />
28:         <MutateResidue name="mutate_4" residue_selector="residue2" n new_res="ASP" eserve_atom_coords="true" mutate_self="false" />
29:         <MutateResidue name="mutate_5" residue_selector="residue2" n new_res="TYR" eserve_atom_coords="true" mutate_self="false" />
30:         <MutateResidue name="mutate_6" residue_selector="residue2" n new_res="TYR" eserve_atom_coords="true" mutate_self="false" />
31:         <MutateResidue name="mutate_7" residue_selector="residue2" n new_res="VAL" eserve_atom_coords="true" mutate_self="false" />
32:         <MutateResidue name="mutate_8" residue_selector="residue2" n new_res="BIP" eserve_atom_coords="true" mutate_self="false" />
Error: attributes construct error

22: 	</TASKOPERATIONS>
23: 	<FILTERS>
24: 	</FILTERS>
25: 	<MOVERS>
26:         <MutateResidue name="mutate_2" residue_selector="residue2" n new_res="C27" eserve_atom_coords="true" mutate_self="false" />
27:         <MutateResidue name="mutate_3" residue_selector="residue2" n new_res="ARG" eserve_atom_coords="true" mutate_self="false" />
28:         <MutateResidue name="mutate_4" residue_selector="residue2" n new_res="ASP" eserve_atom_coords="true" mutate_self="false" />
29:         <MutateResidue name="mutate_5" residue_selector="residue2" n new_res="TYR" eserve_atom_coords="true" mutate_self="false" />
30:         <MutateResidue name="mutate_6" residue_selector="residue2" n new_res="TYR" eserve_atom_coords="true" mutate_self="false" />
31:         <MutateResidue name="mutate_7" residue_selector="residue2" n new_res="VAL" eserve_atom_coords="true" mutate_self="false" />
32:         <MutateResidue name="mutate_8" residue_selector="residue2" n new_res="BIP" eserve_atom_coords="true" mutate_self="false" />
Error: Couldn't find end of Start Tag MutateResidue line 27

22: 	</TASKOPERATIONS>
23: 	<FILTERS>
24: 	</FILTERS>
25: 	<MOVERS>
26:         <MutateResidue name="mutate_2" residue_selector="residue2" n new_res="C27" eserve_atom_coords="true" mutate_self="false" />
27:         <MutateResidue name="mutate_3" residue_selector="residue2" n new_res="ARG" eserve_atom_coords="true" mutate_self="false" />
28:         <MutateResidue name="mutate_4" residue_selector="residue2" n new_res="ASP" eserve_atom_coords="true" mutate_self="false" />
29:         <MutateResidue name="mutate_5" residue_selector="residue2" n new_res="TYR" eserve_atom_coords="true" mutate_self="false" />
30:         <MutateResidue name="mutate_6" residue_selector="residue2" n new_res="TYR" eserve_atom_coords="true" mutate_self="false" />
31:         <MutateResidue name="mutate_7" residue_selector="residue2" n new_res="VAL" eserve_atom_coords="true" mutate_self="false" />
32:         <MutateResidue name="mutate_8" residue_selector="residue2" n new_res="BIP" eserve_atom_coords="true" mutate_self="false" />
Error: Specification mandate value for attribute n

23: 	<FILTERS>
24: 	</FILTERS>
25: 	<MOVERS>
26:         <MutateResidue name="mutate_2" residue_selector="residue2" n new_res="C27" eserve_atom_coords="true" mutate_self="false" />
27:         <MutateResidue name="mutate_3" residue_selector="residue2" n new_res="ARG" eserve_atom_coords="true" mutate_self="false" />
28:         <MutateResidue name="mutate_4" residue_selector="residue2" n new_res="ASP" eserve_atom_coords="true" mutate_self="false" />
29:         <MutateResidue name="mutate_5" residue_selector="residue2" n new_res="TYR" eserve_atom_coords="true" mutate_self="false" />
30:         <MutateResidue name="mutate_6" residue_selector="residue2" n new_res="TYR" eserve_atom_coords="true" mutate_self="false" />
31:         <MutateResidue name="mutate_7" residue_selector="residue2" n new_res="VAL" eserve_atom_coords="true" mutate_self="false" />
32:         <MutateResidue name="mutate_8" residue_selector="residue2" n new_res="BIP" eserve_atom_coords="true" mutate_self="false" />
33:         <MutateResidue name="mutate_9" residue_selector="residue2" n new_res="ASP" eserve_atom_coords="true" mutate_self="false" />
Error: attributes construct error

23: 	<FILTERS>
24: 	</FILTERS>
25: 	<MOVERS>
26:         <MutateResidue name="mutate_2" residue_selector="residue2" n new_res="C27" eserve_atom_coords="true" mutate_self="false" />
27:         <MutateResidue name="mutate_3" residue_selector="residue2" n new_res="ARG" eserve_atom_coords="true" mutate_self="false" />
28:         <MutateResidue name="mutate_4" residue_selector="residue2" n new_res="ASP" eserve_atom_coords="true" mutate_self="false" />
29:         <MutateResidue name="mutate_5" residue_selector="residue2" n new_res="TYR" eserve_atom_coords="true" mutate_self="false" />
30:         <MutateResidue name="mutate_6" residue_selector="residue2" n new_res="TYR" eserve_atom_coords="true" mutate_self="false" />
31:         <MutateResidue name="mutate_7" residue_selector="residue2" n new_res="VAL" eserve_atom_coords="true" mutate_self="false" />
32:         <MutateResidue name="mutate_8" residue_selector="residue2" n new_res="BIP" eserve_atom_coords="true" mutate_self="false" />
33:         <MutateResidue name="mutate_9" residue_selector="residue2" n new_res="ASP" eserve_atom_coords="true" mutate_self="false" />
Error: Couldn't find end of Start Tag MutateResidue line 28

23: 	<FILTERS>
24: 	</FILTERS>
25: 	<MOVERS>
26:         <MutateResidue name="mutate_2" residue_selector="residue2" n new_res="C27" eserve_atom_coords="true" mutate_self="false" />
27:         <MutateResidue name="mutate_3" residue_selector="residue2" n new_res="ARG" eserve_atom_coords="true" mutate_self="false" />
28:         <MutateResidue name="mutate_4" residue_selector="residue2" n new_res="ASP" eserve_atom_coords="true" mutate_self="false" />
29:         <MutateResidue name="mutate_5" residue_selector="residue2" n new_res="TYR" eserve_atom_coords="true" mutate_self="false" />
30:         <MutateResidue name="mutate_6" residue_selector="residue2" n new_res="TYR" eserve_atom_coords="true" mutate_self="false" />
31:         <MutateResidue name="mutate_7" residue_selector="residue2" n new_res="VAL" eserve_atom_coords="true" mutate_self="false" />
32:         <MutateResidue name="mutate_8" residue_selector="residue2" n new_res="BIP" eserve_atom_coords="true" mutate_self="false" />
33:         <MutateResidue name="mutate_9" residue_selector="residue2" n new_res="ASP" eserve_atom_coords="true" mutate_self="false" />
Error: Specification mandate value for attribute n

24: 	</FILTERS>
25: 	<MOVERS>
26:         <MutateResidue name="mutate_2" residue_selector="residue2" n new_res="C27" eserve_atom_coords="true" mutate_self="false" />
27:         <MutateResidue name="mutate_3" residue_selector="residue2" n new_res="ARG" eserve_atom_coords="true" mutate_self="false" />
28:         <MutateResidue name="mutate_4" residue_selector="residue2" n new_res="ASP" eserve_atom_coords="true" mutate_self="false" />
29:         <MutateResidue name="mutate_5" residue_selector="residue2" n new_res="TYR" eserve_atom_coords="true" mutate_self="false" />
30:         <MutateResidue name="mutate_6" residue_selector="residue2" n new_res="TYR" eserve_atom_coords="true" mutate_self="false" />
31:         <MutateResidue name="mutate_7" residue_selector="residue2" n new_res="VAL" eserve_atom_coords="true" mutate_self="false" />
32:         <MutateResidue name="mutate_8" residue_selector="residue2" n new_res="BIP" eserve_atom_coords="true" mutate_self="false" />
33:         <MutateResidue name="mutate_9" residue_selector="residue2" n new_res="ASP" eserve_atom_coords="true" mutate_self="false" />
34:         <MutateResidue name="mutate_10" residue_selector="residue2" n new_res="VAL" eserve_atom_coords="true" mutate_self="false" />
Error: attributes construct error

24: 	</FILTERS>
25: 	<MOVERS>
26:         <MutateResidue name="mutate_2" residue_selector="residue2" n new_res="C27" eserve_atom_coords="true" mutate_self="false" />
27:         <MutateResidue name="mutate_3" residue_selector="residue2" n new_res="ARG" eserve_atom_coords="true" mutate_self="false" />
28:         <MutateResidue name="mutate_4" residue_selector="residue2" n new_res="ASP" eserve_atom_coords="true" mutate_self="false" />
29:         <MutateResidue name="mutate_5" residue_selector="residue2" n new_res="TYR" eserve_atom_coords="true" mutate_self="false" />
30:         <MutateResidue name="mutate_6" residue_selector="residue2" n new_res="TYR" eserve_atom_coords="true" mutate_self="false" />
31:         <MutateResidue name="mutate_7" residue_selector="residue2" n new_res="VAL" eserve_atom_coords="true" mutate_self="false" />
32:         <MutateResidue name="mutate_8" residue_selector="residue2" n new_res="BIP" eserve_atom_coords="true" mutate_self="false" />
33:         <MutateResidue name="mutate_9" residue_selector="residue2" n new_res="ASP" eserve_atom_coords="true" mutate_self="false" />
34:         <MutateResidue name="mutate_10" residue_selector="residue2" n new_res="VAL" eserve_atom_coords="true" mutate_self="false" />
Error: Couldn't find end of Start Tag MutateResidue line 29

24: 	</FILTERS>
25: 	<MOVERS>
26:         <MutateResidue name="mutate_2" residue_selector="residue2" n new_res="C27" eserve_atom_coords="true" mutate_self="false" />
27:         <MutateResidue name="mutate_3" residue_selector="residue2" n new_res="ARG" eserve_atom_coords="true" mutate_self="false" />
28:         <MutateResidue name="mutate_4" residue_selector="residue2" n new_res="ASP" eserve_atom_coords="true" mutate_self="false" />
29:         <MutateResidue name="mutate_5" residue_selector="residue2" n new_res="TYR" eserve_atom_coords="true" mutate_self="false" />
30:         <MutateResidue name="mutate_6" residue_selector="residue2" n new_res="TYR" eserve_atom_coords="true" mutate_self="false" />
31:         <MutateResidue name="mutate_7" residue_selector="residue2" n new_res="VAL" eserve_atom_coords="true" mutate_self="false" />
32:         <MutateResidue name="mutate_8" residue_selector="residue2" n new_res="BIP" eserve_atom_coords="true" mutate_self="false" />
33:         <MutateResidue name="mutate_9" residue_selector="residue2" n new_res="ASP" eserve_atom_coords="true" mutate_self="false" />
34:         <MutateResidue name="mutate_10" residue_selector="residue2" n new_res="VAL" eserve_atom_coords="true" mutate_self="false" />
Error: Specification mandate value for attribute n

25: 	<MOVERS>
26:         <MutateResidue name="mutate_2" residue_selector="residue2" n new_res="C27" eserve_atom_coords="true" mutate_self="false" />
27:         <MutateResidue name="mutate_3" residue_selector="residue2" n new_res="ARG" eserve_atom_coords="true" mutate_self="false" />
28:         <MutateResidue name="mutate_4" residue_selector="residue2" n new_res="ASP" eserve_atom_coords="true" mutate_self="false" />
29:         <MutateResidue name="mutate_5" residue_selector="residue2" n new_res="TYR" eserve_atom_coords="true" mutate_self="false" />
30:         <MutateResidue name="mutate_6" residue_selector="residue2" n new_res="TYR" eserve_atom_coords="true" mutate_self="false" />
31:         <MutateResidue name="mutate_7" residue_selector="residue2" n new_res="VAL" eserve_atom_coords="true" mutate_self="false" />
32:         <MutateResidue name="mutate_8" residue_selector="residue2" n new_res="BIP" eserve_atom_coords="true" mutate_self="false" />
33:         <MutateResidue name="mutate_9" residue_selector="residue2" n new_res="ASP" eserve_atom_coords="true" mutate_self="false" />
34:         <MutateResidue name="mutate_10" residue_selector="residue2" n new_res="VAL" eserve_atom_coords="true" mutate_self="false" />
35:         <MutateResidue name="mutate_11" residue_selector="residue2" n new_res="TIC" eserve_atom_coords="true" mutate_self="false" />
Error: attributes construct error

25: 	<MOVERS>
26:         <MutateResidue name="mutate_2" residue_selector="residue2" n new_res="C27" eserve_atom_coords="true" mutate_self="false" />
27:         <MutateResidue name="mutate_3" residue_selector="residue2" n new_res="ARG" eserve_atom_coords="true" mutate_self="false" />
28:         <MutateResidue name="mutate_4" residue_selector="residue2" n new_res="ASP" eserve_atom_coords="true" mutate_self="false" />
29:         <MutateResidue name="mutate_5" residue_selector="residue2" n new_res="TYR" eserve_atom_coords="true" mutate_self="false" />
30:         <MutateResidue name="mutate_6" residue_selector="residue2" n new_res="TYR" eserve_atom_coords="true" mutate_self="false" />
31:         <MutateResidue name="mutate_7" residue_selector="residue2" n new_res="VAL" eserve_atom_coords="true" mutate_self="false" />
32:         <MutateResidue name="mutate_8" residue_selector="residue2" n new_res="BIP" eserve_atom_coords="true" mutate_self="false" />
33:         <MutateResidue name="mutate_9" residue_selector="residue2" n new_res="ASP" eserve_atom_coords="true" mutate_self="false" />
34:         <MutateResidue name="mutate_10" residue_selector="residue2" n new_res="VAL" eserve_atom_coords="true" mutate_self="false" />
35:         <MutateResidue name="mutate_11" residue_selector="residue2" n new_res="TIC" eserve_atom_coords="true" mutate_self="false" />
Error: Couldn't find end of Start Tag MutateResidue line 30

25: 	<MOVERS>
26:         <MutateResidue name="mutate_2" residue_selector="residue2" n new_res="C27" eserve_atom_coords="true" mutate_self="false" />
27:         <MutateResidue name="mutate_3" residue_selector="residue2" n new_res="ARG" eserve_atom_coords="true" mutate_self="false" />
28:         <MutateResidue name="mutate_4" residue_selector="residue2" n new_res="ASP" eserve_atom_coords="true" mutate_self="false" />
29:         <MutateResidue name="mutate_5" residue_selector="residue2" n new_res="TYR" eserve_atom_coords="true" mutate_self="false" />
30:         <MutateResidue name="mutate_6" residue_selector="residue2" n new_res="TYR" eserve_atom_coords="true" mutate_self="false" />
31:         <MutateResidue name="mutate_7" residue_selector="residue2" n new_res="VAL" eserve_atom_coords="true" mutate_self="false" />
32:         <MutateResidue name="mutate_8" residue_selector="residue2" n new_res="BIP" eserve_atom_coords="true" mutate_self="false" />
33:         <MutateResidue name="mutate_9" residue_selector="residue2" n new_res="ASP" eserve_atom_coords="true" mutate_self="false" />
34:         <MutateResidue name="mutate_10" residue_selector="residue2" n new_res="VAL" eserve_atom_coords="true" mutate_self="false" />
35:         <MutateResidue name="mutate_11" residue_selector="residue2" n new_res="TIC" eserve_atom_coords="true" mutate_self="false" />
Error: Specification mandate value for attribute n

26:         <MutateResidue name="mutate_2" residue_selector="residue2" n new_res="C27" eserve_atom_coords="true" mutate_self="false" />
27:         <MutateResidue name="mutate_3" residue_selector="residue2" n new_res="ARG" eserve_atom_coords="true" mutate_self="false" />
28:         <MutateResidue name="mutate_4" residue_selector="residue2" n new_res="ASP" eserve_atom_coords="true" mutate_self="false" />
29:         <MutateResidue name="mutate_5" residue_selector="residue2" n new_res="TYR" eserve_atom_coords="true" mutate_self="false" />
30:         <MutateResidue name="mutate_6" residue_selector="residue2" n new_res="TYR" eserve_atom_coords="true" mutate_self="false" />
31:         <MutateResidue name="mutate_7" residue_selector="residue2" n new_res="VAL" eserve_atom_coords="true" mutate_self="false" />
32:         <MutateResidue name="mutate_8" residue_selector="residue2" n new_res="BIP" eserve_atom_coords="true" mutate_self="false" />
33:         <MutateResidue name="mutate_9" residue_selector="residue2" n new_res="ASP" eserve_atom_coords="true" mutate_self="false" />
34:         <MutateResidue name="mutate_10" residue_selector="residue2" n new_res="VAL" eserve_atom_coords="true" mutate_self="false" />
35:         <MutateResidue name="mutate_11" residue_selector="residue2" n new_res="TIC" eserve_atom_coords="true" mutate_self="false" />
36:         <ModifyVariantType name="vartype" add_type="CTERM_AMIDATION" residue_selector="select_cterm" />
Error: attributes construct error

26:         <MutateResidue name="mutate_2" residue_selector="residue2" n new_res="C27" eserve_atom_coords="true" mutate_self="false" />
27:         <MutateResidue name="mutate_3" residue_selector="residue2" n new_res="ARG" eserve_atom_coords="true" mutate_self="false" />
28:         <MutateResidue name="mutate_4" residue_selector="residue2" n new_res="ASP" eserve_atom_coords="true" mutate_self="false" />
29:         <MutateResidue name="mutate_5" residue_selector="residue2" n new_res="TYR" eserve_atom_coords="true" mutate_self="false" />
30:         <MutateResidue name="mutate_6" residue_selector="residue2" n new_res="TYR" eserve_atom_coords="true" mutate_self="false" />
31:         <MutateResidue name="mutate_7" residue_selector="residue2" n new_res="VAL" eserve_atom_coords="true" mutate_self="false" />
32:         <MutateResidue name="mutate_8" residue_selector="residue2" n new_res="BIP" eserve_atom_coords="true" mutate_self="false" />
33:         <MutateResidue name="mutate_9" residue_selector="residue2" n new_res="ASP" eserve_atom_coords="true" mutate_self="false" />
34:         <MutateResidue name="mutate_10" residue_selector="residue2" n new_res="VAL" eserve_atom_coords="true" mutate_self="false" />
35:         <MutateResidue name="mutate_11" residue_selector="residue2" n new_res="TIC" eserve_atom_coords="true" mutate_self="false" />
36:         <ModifyVariantType name="vartype" add_type="CTERM_AMIDATION" residue_selector="select_cterm" />
Error: Couldn't find end of Start Tag MutateResidue line 31

26:         <MutateResidue name="mutate_2" residue_selector="residue2" n new_res="C27" eserve_atom_coords="true" mutate_self="false" />
27:         <MutateResidue name="mutate_3" residue_selector="residue2" n new_res="ARG" eserve_atom_coords="true" mutate_self="false" />
28:         <MutateResidue name="mutate_4" residue_selector="residue2" n new_res="ASP" eserve_atom_coords="true" mutate_self="false" />
29:         <MutateResidue name="mutate_5" residue_selector="residue2" n new_res="TYR" eserve_atom_coords="true" mutate_self="false" />
30:         <MutateResidue name="mutate_6" residue_selector="residue2" n new_res="TYR" eserve_atom_coords="true" mutate_self="false" />
31:         <MutateResidue name="mutate_7" residue_selector="residue2" n new_res="VAL" eserve_atom_coords="true" mutate_self="false" />
32:         <MutateResidue name="mutate_8" residue_selector="residue2" n new_res="BIP" eserve_atom_coords="true" mutate_self="false" />
33:         <MutateResidue name="mutate_9" residue_selector="residue2" n new_res="ASP" eserve_atom_coords="true" mutate_self="false" />
34:         <MutateResidue name="mutate_10" residue_selector="residue2" n new_res="VAL" eserve_atom_coords="true" mutate_self="false" />
35:         <MutateResidue name="mutate_11" residue_selector="residue2" n new_res="TIC" eserve_atom_coords="true" mutate_self="false" />
36:         <ModifyVariantType name="vartype" add_type="CTERM_AMIDATION" residue_selector="select_cterm" />
Error: Specification mandate value for attribute n

27:         <MutateResidue name="mutate_3" residue_selector="residue2" n new_res="ARG" eserve_atom_coords="true" mutate_self="false" />
28:         <MutateResidue name="mutate_4" residue_selector="residue2" n new_res="ASP" eserve_atom_coords="true" mutate_self="false" />
29:         <MutateResidue name="mutate_5" residue_selector="residue2" n new_res="TYR" eserve_atom_coords="true" mutate_self="false" />
30:         <MutateResidue name="mutate_6" residue_selector="residue2" n new_res="TYR" eserve_atom_coords="true" mutate_self="false" />
31:         <MutateResidue name="mutate_7" residue_selector="residue2" n new_res="VAL" eserve_atom_coords="true" mutate_self="false" />
32:         <MutateResidue name="mutate_8" residue_selector="residue2" n new_res="BIP" eserve_atom_coords="true" mutate_self="false" />
33:         <MutateResidue name="mutate_9" residue_selector="residue2" n new_res="ASP" eserve_atom_coords="true" mutate_self="false" />
34:         <MutateResidue name="mutate_10" residue_selector="residue2" n new_res="VAL" eserve_atom_coords="true" mutate_self="false" />
35:         <MutateResidue name="mutate_11" residue_selector="residue2" n new_res="TIC" eserve_atom_coords="true" mutate_self="false" />
36:         <ModifyVariantType name="vartype" add_type="CTERM_AMIDATION" residue_selector="select_cterm" />
37:         <DeclareBond name="new_bond" atom1="CP" atom2="SG" res1="1" res2="12" add_termini="true" />
Error: attributes construct error

27:         <MutateResidue name="mutate_3" residue_selector="residue2" n new_res="ARG" eserve_atom_coords="true" mutate_self="false" />
28:         <MutateResidue name="mutate_4" residue_selector="residue2" n new_res="ASP" eserve_atom_coords="true" mutate_self="false" />
29:         <MutateResidue name="mutate_5" residue_selector="residue2" n new_res="TYR" eserve_atom_coords="true" mutate_self="false" />
30:         <MutateResidue name="mutate_6" residue_selector="residue2" n new_res="TYR" eserve_atom_coords="true" mutate_self="false" />
31:         <MutateResidue name="mutate_7" residue_selector="residue2" n new_res="VAL" eserve_atom_coords="true" mutate_self="false" />
32:         <MutateResidue name="mutate_8" residue_selector="residue2" n new_res="BIP" eserve_atom_coords="true" mutate_self="false" />
33:         <MutateResidue name="mutate_9" residue_selector="residue2" n new_res="ASP" eserve_atom_coords="true" mutate_self="false" />
34:         <MutateResidue name="mutate_10" residue_selector="residue2" n new_res="VAL" eserve_atom_coords="true" mutate_self="false" />
35:         <MutateResidue name="mutate_11" residue_selector="residue2" n new_res="TIC" eserve_atom_coords="true" mutate_self="false" />
36:         <ModifyVariantType name="vartype" add_type="CTERM_AMIDATION" residue_selector="select_cterm" />
37:         <DeclareBond name="new_bond" atom1="CP" atom2="SG" res1="1" res2="12" add_termini="true" />
Error: Couldn't find end of Start Tag MutateResidue line 32

27:         <MutateResidue name="mutate_3" residue_selector="residue2" n new_res="ARG" eserve_atom_coords="true" mutate_self="false" />
28:         <MutateResidue name="mutate_4" residue_selector="residue2" n new_res="ASP" eserve_atom_coords="true" mutate_self="false" />
29:         <MutateResidue name="mutate_5" residue_selector="residue2" n new_res="TYR" eserve_atom_coords="true" mutate_self="false" />
30:         <MutateResidue name="mutate_6" residue_selector="residue2" n new_res="TYR" eserve_atom_coords="true" mutate_self="false" />
31:         <MutateResidue name="mutate_7" residue_selector="residue2" n new_res="VAL" eserve_atom_coords="true" mutate_self="false" />
32:         <MutateResidue name="mutate_8" residue_selector="residue2" n new_res="BIP" eserve_atom_coords="true" mutate_self="false" />
33:         <MutateResidue name="mutate_9" residue_selector="residue2" n new_res="ASP" eserve_atom_coords="true" mutate_self="false" />
34:         <MutateResidue name="mutate_10" residue_selector="residue2" n new_res="VAL" eserve_atom_coords="true" mutate_self="false" />
35:         <MutateResidue name="mutate_11" residue_selector="residue2" n new_res="TIC" eserve_atom_coords="true" mutate_self="false" />
36:         <ModifyVariantType name="vartype" add_type="CTERM_AMIDATION" residue_selector="select_cterm" />
37:         <DeclareBond name="new_bond" atom1="CP" atom2="SG" res1="1" res2="12" add_termini="true" />
Error: Specification mandate value for attribute n

28:         <MutateResidue name="mutate_4" residue_selector="residue2" n new_res="ASP" eserve_atom_coords="true" mutate_self="false" />
29:         <MutateResidue name="mutate_5" residue_selector="residue2" n new_res="TYR" eserve_atom_coords="true" mutate_self="false" />
30:         <MutateResidue name="mutate_6" residue_selector="residue2" n new_res="TYR" eserve_atom_coords="true" mutate_self="false" />
31:         <MutateResidue name="mutate_7" residue_selector="residue2" n new_res="VAL" eserve_atom_coords="true" mutate_self="false" />
32:         <MutateResidue name="mutate_8" residue_selector="residue2" n new_res="BIP" eserve_atom_coords="true" mutate_self="false" />
33:         <MutateResidue name="mutate_9" residue_selector="residue2" n new_res="ASP" eserve_atom_coords="true" mutate_self="false" />
34:         <MutateResidue name="mutate_10" residue_selector="residue2" n new_res="VAL" eserve_atom_coords="true" mutate_self="false" />
35:         <MutateResidue name="mutate_11" residue_selector="residue2" n new_res="TIC" eserve_atom_coords="true" mutate_self="false" />
36:         <ModifyVariantType name="vartype" add_type="CTERM_AMIDATION" residue_selector="select_cterm" />
37:         <DeclareBond name="new_bond" atom1="CP" atom2="SG" res1="1" res2="12" add_termini="true" />
38:         <RotamerTrialsMinMover name="rotmin" scorefxn="ref15sfxn" task_operations="rtrp" />
Error: attributes construct error

28:         <MutateResidue name="mutate_4" residue_selector="residue2" n new_res="ASP" eserve_atom_coords="true" mutate_self="false" />
29:         <MutateResidue name="mutate_5" residue_selector="residue2" n new_res="TYR" eserve_atom_coords="true" mutate_self="false" />
30:         <MutateResidue name="mutate_6" residue_selector="residue2" n new_res="TYR" eserve_atom_coords="true" mutate_self="false" />
31:         <MutateResidue name="mutate_7" residue_selector="residue2" n new_res="VAL" eserve_atom_coords="true" mutate_self="false" />
32:         <MutateResidue name="mutate_8" residue_selector="residue2" n new_res="BIP" eserve_atom_coords="true" mutate_self="false" />
33:         <MutateResidue name="mutate_9" residue_selector="residue2" n new_res="ASP" eserve_atom_coords="true" mutate_self="false" />
34:         <MutateResidue name="mutate_10" residue_selector="residue2" n new_res="VAL" eserve_atom_coords="true" mutate_self="false" />
35:         <MutateResidue name="mutate_11" residue_selector="residue2" n new_res="TIC" eserve_atom_coords="true" mutate_self="false" />
36:         <ModifyVariantType name="vartype" add_type="CTERM_AMIDATION" residue_selector="select_cterm" />
37:         <DeclareBond name="new_bond" atom1="CP" atom2="SG" res1="1" res2="12" add_termini="true" />
38:         <RotamerTrialsMinMover name="rotmin" scorefxn="ref15sfxn" task_operations="rtrp" />
Error: Couldn't find end of Start Tag MutateResidue line 33

28:         <MutateResidue name="mutate_4" residue_selector="residue2" n new_res="ASP" eserve_atom_coords="true" mutate_self="false" />
29:         <MutateResidue name="mutate_5" residue_selector="residue2" n new_res="TYR" eserve_atom_coords="true" mutate_self="false" />
30:         <MutateResidue name="mutate_6" residue_selector="residue2" n new_res="TYR" eserve_atom_coords="true" mutate_self="false" />
31:         <MutateResidue name="mutate_7" residue_selector="residue2" n new_res="VAL" eserve_atom_coords="true" mutate_self="false" />
32:         <MutateResidue name="mutate_8" residue_selector="residue2" n new_res="BIP" eserve_atom_coords="true" mutate_self="false" />
33:         <MutateResidue name="mutate_9" residue_selector="residue2" n new_res="ASP" eserve_atom_coords="true" mutate_self="false" />
34:         <MutateResidue name="mutate_10" residue_selector="residue2" n new_res="VAL" eserve_atom_coords="true" mutate_self="false" />
35:         <MutateResidue name="mutate_11" residue_selector="residue2" n new_res="TIC" eserve_atom_coords="true" mutate_self="false" />
36:         <ModifyVariantType name="vartype" add_type="CTERM_AMIDATION" residue_selector="select_cterm" />
37:         <DeclareBond name="new_bond" atom1="CP" atom2="SG" res1="1" res2="12" add_termini="true" />
38:         <RotamerTrialsMinMover name="rotmin" scorefxn="ref15sfxn" task_operations="rtrp" />
Error: Specification mandate value for attribute n

29:         <MutateResidue name="mutate_5" residue_selector="residue2" n new_res="TYR" eserve_atom_coords="true" mutate_self="false" />
30:         <MutateResidue name="mutate_6" residue_selector="residue2" n new_res="TYR" eserve_atom_coords="true" mutate_self="false" />
31:         <MutateResidue name="mutate_7" residue_selector="residue2" n new_res="VAL" eserve_atom_coords="true" mutate_self="false" />
32:         <MutateResidue name="mutate_8" residue_selector="residue2" n new_res="BIP" eserve_atom_coords="true" mutate_self="false" />
33:         <MutateResidue name="mutate_9" residue_selector="residue2" n new_res="ASP" eserve_atom_coords="true" mutate_self="false" />
34:         <MutateResidue name="mutate_10" residue_selector="residue2" n new_res="VAL" eserve_atom_coords="true" mutate_self="false" />
35:         <MutateResidue name="mutate_11" residue_selector="residue2" n new_res="TIC" eserve_atom_coords="true" mutate_self="false" />
36:         <ModifyVariantType name="vartype" add_type="CTERM_AMIDATION" residue_selector="select_cterm" />
37:         <DeclareBond name="new_bond" atom1="CP" atom2="SG" res1="1" res2="12" add_termini="true" />
38:         <RotamerTrialsMinMover name="rotmin" scorefxn="ref15sfxn" task_operations="rtrp" />
39:         <FastRelax name="relax" scorefxn="fullatom" task_operations="rtrp" relaxscript="default" cartesian= "true" bondangle="true" bondlength="true" >
Error: attributes construct error

29:         <MutateResidue name="mutate_5" residue_selector="residue2" n new_res="TYR" eserve_atom_coords="true" mutate_self="false" />
30:         <MutateResidue name="mutate_6" residue_selector="residue2" n new_res="TYR" eserve_atom_coords="true" mutate_self="false" />
31:         <MutateResidue name="mutate_7" residue_selector="residue2" n new_res="VAL" eserve_atom_coords="true" mutate_self="false" />
32:         <MutateResidue name="mutate_8" residue_selector="residue2" n new_res="BIP" eserve_atom_coords="true" mutate_self="false" />
33:         <MutateResidue name="mutate_9" residue_selector="residue2" n new_res="ASP" eserve_atom_coords="true" mutate_self="false" />
34:         <MutateResidue name="mutate_10" residue_selector="residue2" n new_res="VAL" eserve_atom_coords="true" mutate_self="false" />
35:         <MutateResidue name="mutate_11" residue_selector="residue2" n new_res="TIC" eserve_atom_coords="true" mutate_self="false" />
36:         <ModifyVariantType name="vartype" add_type="CTERM_AMIDATION" residue_selector="select_cterm" />
37:         <DeclareBond name="new_bond" atom1="CP" atom2="SG" res1="1" res2="12" add_termini="true" />
38:         <RotamerTrialsMinMover name="rotmin" scorefxn="ref15sfxn" task_operations="rtrp" />
39:         <FastRelax name="relax" scorefxn="fullatom" task_operations="rtrp" relaxscript="default" cartesian= "true" bondangle="true" bondlength="true" >
Error: Couldn't find end of Start Tag MutateResidue line 34

29:         <MutateResidue name="mutate_5" residue_selector="residue2" n new_res="TYR" eserve_atom_coords="true" mutate_self="false" />
30:         <MutateResidue name="mutate_6" residue_selector="residue2" n new_res="TYR" eserve_atom_coords="true" mutate_self="false" />
31:         <MutateResidue name="mutate_7" residue_selector="residue2" n new_res="VAL" eserve_atom_coords="true" mutate_self="false" />
32:         <MutateResidue name="mutate_8" residue_selector="residue2" n new_res="BIP" eserve_atom_coords="true" mutate_self="false" />
33:         <MutateResidue name="mutate_9" residue_selector="residue2" n new_res="ASP" eserve_atom_coords="true" mutate_self="false" />
34:         <MutateResidue name="mutate_10" residue_selector="residue2" n new_res="VAL" eserve_atom_coords="true" mutate_self="false" />
35:         <MutateResidue name="mutate_11" residue_selector="residue2" n new_res="TIC" eserve_atom_coords="true" mutate_self="false" />
36:         <ModifyVariantType name="vartype" add_type="CTERM_AMIDATION" residue_selector="select_cterm" />
37:         <DeclareBond name="new_bond" atom1="CP" atom2="SG" res1="1" res2="12" add_termini="true" />
38:         <RotamerTrialsMinMover name="rotmin" scorefxn="ref15sfxn" task_operations="rtrp" />
39:         <FastRelax name="relax" scorefxn="fullatom" task_operations="rtrp" relaxscript="default" cartesian= "true" bondangle="true" bondlength="true" >
Error: Specification mandate value for attribute n

30:         <MutateResidue name="mutate_6" residue_selector="residue2" n new_res="TYR" eserve_atom_coords="true" mutate_self="false" />
31:         <MutateResidue name="mutate_7" residue_selector="residue2" n new_res="VAL" eserve_atom_coords="true" mutate_self="false" />
32:         <MutateResidue name="mutate_8" residue_selector="residue2" n new_res="BIP" eserve_atom_coords="true" mutate_self="false" />
33:         <MutateResidue name="mutate_9" residue_selector="residue2" n new_res="ASP" eserve_atom_coords="true" mutate_self="false" />
34:         <MutateResidue name="mutate_10" residue_selector="residue2" n new_res="VAL" eserve_atom_coords="true" mutate_self="false" />
35:         <MutateResidue name="mutate_11" residue_selector="residue2" n new_res="TIC" eserve_atom_coords="true" mutate_self="false" />
36:         <ModifyVariantType name="vartype" add_type="CTERM_AMIDATION" residue_selector="select_cterm" />
37:         <DeclareBond name="new_bond" atom1="CP" atom2="SG" res1="1" res2="12" add_termini="true" />
38:         <RotamerTrialsMinMover name="rotmin" scorefxn="ref15sfxn" task_operations="rtrp" />
39:         <FastRelax name="relax" scorefxn="fullatom" task_operations="rtrp" relaxscript="default" cartesian= "true" bondangle="true" bondlength="true" >
40:         </FastRelax> 
Error: attributes construct error

30:         <MutateResidue name="mutate_6" residue_selector="residue2" n new_res="TYR" eserve_atom_coords="true" mutate_self="false" />
31:         <MutateResidue name="mutate_7" residue_selector="residue2" n new_res="VAL" eserve_atom_coords="true" mutate_self="false" />
32:         <MutateResidue name="mutate_8" residue_selector="residue2" n new_res="BIP" eserve_atom_coords="true" mutate_self="false" />
33:         <MutateResidue name="mutate_9" residue_selector="residue2" n new_res="ASP" eserve_atom_coords="true" mutate_self="false" />
34:         <MutateResidue name="mutate_10" residue_selector="residue2" n new_res="VAL" eserve_atom_coords="true" mutate_self="false" />
35:         <MutateResidue name="mutate_11" residue_selector="residue2" n new_res="TIC" eserve_atom_coords="true" mutate_self="false" />
36:         <ModifyVariantType name="vartype" add_type="CTERM_AMIDATION" residue_selector="select_cterm" />
37:         <DeclareBond name="new_bond" atom1="CP" atom2="SG" res1="1" res2="12" add_termini="true" />
38:         <RotamerTrialsMinMover name="rotmin" scorefxn="ref15sfxn" task_operations="rtrp" />
39:         <FastRelax name="relax" scorefxn="fullatom" task_operations="rtrp" relaxscript="default" cartesian= "true" bondangle="true" bondlength="true" >
40:         </FastRelax> 
Error: Couldn't find end of Start Tag MutateResidue line 35

30:         <MutateResidue name="mutate_6" residue_selector="residue2" n new_res="TYR" eserve_atom_coords="true" mutate_self="false" />
31:         <MutateResidue name="mutate_7" residue_selector="residue2" n new_res="VAL" eserve_atom_coords="true" mutate_self="false" />
32:         <MutateResidue name="mutate_8" residue_selector="residue2" n new_res="BIP" eserve_atom_coords="true" mutate_self="false" />
33:         <MutateResidue name="mutate_9" residue_selector="residue2" n new_res="ASP" eserve_atom_coords="true" mutate_self="false" />
34:         <MutateResidue name="mutate_10" residue_selector="residue2" n new_res="VAL" eserve_atom_coords="true" mutate_self="false" />
35:         <MutateResidue name="mutate_11" residue_selector="residue2" n new_res="TIC" eserve_atom_coords="true" mutate_self="false" />
36:         <ModifyVariantType name="vartype" add_type="CTERM_AMIDATION" residue_selector="select_cterm" />
37:         <DeclareBond name="new_bond" atom1="CP" atom2="SG" res1="1" res2="12" add_termini="true" />
38:         <RotamerTrialsMinMover name="rotmin" scorefxn="ref15sfxn" task_operations="rtrp" />
39:         <FastRelax name="relax" scorefxn="fullatom" task_operations="rtrp" relaxscript="default" cartesian= "true" bondangle="true" bondlength="true" >
40:         </FastRelax> 
------------------------------------------------------------
Warning messages were:
------------------------------------------------------------


[END_MESSAGE]
[END_CRASH_REPORT]

##############################################################################################################
#
# Rosetta crash log. Please submit the contents of this file to http://crash.rosettacommons.org/
# or use the script Rosetta/main/source/scripts/python/public/report_crashes.py
#

[START_CRASH_REPORT]
[ROSETTA_VERSION]: 2023.24+release.9fbc647ae70
[COMMIT_DATE]: 2023-06-12T20:26:27.842148
[APPLICATION]: /Users/willete3/rosetta.binary.mac.release-351/main/source/bin/rosetta_scripts.static.macosclangrelease
[MODE]: Release
[EXTRAS]: default
[OS]: Apple Mac OS X
[COMPILER]: Clang version "9.0.0 (clang-900.0.39.2)"
[STDLIB]: libc++ version 4000
[START_OPTIONS]
 -in:file:s=hNSP4_14mer_align.pdb -in:file:extra_res=BIP.params TIC.params -in:file:fullatom -inout:write_all_connect_info -out:overwrite -out:nstruct=1 -out:prefix=MDOCK_ -out:pdb -out:mute=protocols.generalized_kinematic_closure.filter.GeneralizedKICfilter core.chemical.AtomICoor core.conformation.Residue -out:file:scorefile=score_MutatePACK -parser:protocol=MutateAF_Fix.xml -jd2:failed_job_exception=false

[END_OPTIONS]

[START_BACKTRACE]: RAW_LIBC
0   rosetta_scripts.static.macosclangre 0x00000001040fd18f backtrace_string(int) + 79
1   rosetta_scripts.static.macosclangre 0x0000000104067a1c utility::excn::Exception::Exception(char const*, int, std::__1::basic_string<char, std::__1::char_traits<char>, std::__1::allocator<char> > const&) + 204
2   rosetta_scripts.static.macosclangre 0x000000010246b447 protocols::rosetta_scripts::RosettaScriptsParser::validate_input_script_against_xsd(std::__1::basic_string<char, std::__1::char_traits<char>, std::__1::allocator<char> > const&, std::__1::basic_stringstream<char, std::__1::char_traits<char>, std::__1::allocator<char> > const&) const + 2423
3   rosetta_scripts.static.macosclangre 0x00000001024698a5 protocols::rosetta_scripts::RosettaScriptsParser::finish_creating_tag(std::__1::basic_string<char, std::__1::char_traits<char>, std::__1::allocator<char> > const&, utility::vector1<std::__1::basic_string<char, std::__1::char_traits<char>, std::__1::allocator<char> >, std::__1::allocator<std::__1::basic_string<char, std::__1::char_traits<char>, std::__1::allocator<char> > > > const&, std::__1::basic_string<char, std::__1::char_traits<char>, std::__1::allocator<char> > const&) const + 677
4   rosetta_scripts.static.macosclangre 0x0000000102467a34 protocols::rosetta_scripts::RosettaScriptsParser::create_tag_from_xml(std::__1::basic_string<char, std::__1::char_traits<char>, std::__1::allocator<char> > const&, utility::vector1<std::__1::basic_string<char, std::__1::char_traits<char>, std::__1::allocator<char> >, std::__1::allocator<std::__1::basic_string<char, std::__1::char_traits<char>, std::__1::allocator<char> > > > const&) + 260
5   rosetta_scripts.static.macosclangre 0x00000001024675e3 protocols::rosetta_scripts::RosettaScriptsParser::create_tag_from_xml(std::__1::basic_string<char, std::__1::char_traits<char>, std::__1::allocator<char> > const&, utility::options::OptionCollection const&) + 355
6   rosetta_scripts.static.macosclangre 0x000000010246d753 protocols::rosetta_scripts::RosettaScriptsParser::generate_mover(std::__1::shared_ptr<protocols::moves::Mover>&, bool, std::__1::basic_string<char, std::__1::char_traits<char>, std::__1::allocator<char> > const&, std::__1::basic_string<char, std::__1::char_traits<char>, std::__1::allocator<char> > const&, std::__1::basic_string<char, std::__1::char_traits<char>, std::__1::allocator<char> > const&, bool) + 451
7   rosetta_scripts.static.macosclangre 0x00000001024d5c38 protocols::jd2::JobDistributor::run_one_job(std::__1::shared_ptr<protocols::moves::Mover>&, long, std::__1::basic_string<char, std::__1::char_traits<char>, std::__1::allocator<char> >&, std::__1::basic_string<char, std::__1::char_traits<char>, std::__1::allocator<char> >&, unsigned long&, unsigned long&, bool) + 5672
8   rosetta_scripts.static.macosclangre 0x00000001024d3a33 protocols::jd2::JobDistributor::go_main(std::__1::shared_ptr<protocols::moves::Mover>) + 195
9   rosetta_scripts.static.macosclangre 0x00000001024cf482 protocols::jd2::FileSystemJobDistributor::go(std::__1::shared_ptr<protocols::moves::Mover>) + 66
10  rosetta_scripts.static.macosclangre 0x00000001001c8a34 main + 1444
11  dyld                                0x0000000207de252e start + 462
12  ???                                 0x0000000000000003 0x0 + 3

[END_BACKTRACE]

[FILE]: src/protocols/rosetta_scripts/RosettaScriptsParser.cc
[LINE]: 1217
[START_MESSAGE]
Input rosetta scripts XML file "MutateAF_Fix.xml" failed to validate against the rosetta scripts schema. Use the option -parser::output_schema <output filename> to output the schema to a file to see all valid options.
Your XML has failed validation.  The error message below will tell you where in your XML file the error occurred.  Here's how to fix it:

1) If the validation fails on something obvious, like an illegal attribute due to a spelling error (perhaps you used scorefnction instead of scorefunction), then you need to fix your XML file.
2) If you haven't run the XML rewriter script and this might be pre-2017 Rosetta XML, run the rewriter script (tools/xsd_xrw/rewrite_rosetta_script.py) on your input XML first.  The attribute values not being in quotes (scorefunction=talaris2014 instead of scorefunction="talaris2014") is a good indicator that this is your problem.
3) If you are a developer and neither 1 nor 2 worked - email the developer's mailing list or try Slack.
4) If you are an academic or commercial user - try the Rosetta Forums https://www.rosettacommons.org/forum


Error messages were:
From line 26:
Error: Element 'MutateResidue', attribute 'eserve_atom_coords': The attribute 'eserve_atom_coords' is not allowed.

21:         <RestrictToRepacking name="rtrp"/>
22: 	</TASKOPERATIONS>
23: 	<FILTERS>
24: 	</FILTERS>
25: 	<MOVERS>
26:         <MutateResidue name="mutate_2" residue_selector="residue2" new_res="C27" eserve_atom_coords="true" mutate_self="false" />
27:         <MutateResidue name="mutate_3" residue_selector="residue3" new_res="ARG" eserve_atom_coords="true" mutate_self="false" />
28:         <MutateResidue name="mutate_4" residue_selector="residue4" new_res="ASP" eserve_atom_coords="true" mutate_self="false" />
29:         <MutateResidue name="mutate_5" residue_selector="residue5" new_res="TYR" eserve_atom_coords="true" mutate_self="false" />
30:         <MutateResidue name="mutate_6" residue_selector="residue6" new_res="TYR" eserve_atom_coords="true" mutate_self="false" />
31:         <MutateResidue name="mutate_7" residue_selector="residue7" new_res="VAL" eserve_atom_coords="true" mutate_self="false" />
From line 27:
Error: Element 'MutateResidue', attribute 'eserve_atom_coords': The attribute 'eserve_atom_coords' is not allowed.

22: 	</TASKOPERATIONS>
23: 	<FILTERS>
24: 	</FILTERS>
25: 	<MOVERS>
26:         <MutateResidue name="mutate_2" residue_selector="residue2" new_res="C27" eserve_atom_coords="true" mutate_self="false" />
27:         <MutateResidue name="mutate_3" residue_selector="residue3" new_res="ARG" eserve_atom_coords="true" mutate_self="false" />
28:         <MutateResidue name="mutate_4" residue_selector="residue4" new_res="ASP" eserve_atom_coords="true" mutate_self="false" />
29:         <MutateResidue name="mutate_5" residue_selector="residue5" new_res="TYR" eserve_atom_coords="true" mutate_self="false" />
30:         <MutateResidue name="mutate_6" residue_selector="residue6" new_res="TYR" eserve_atom_coords="true" mutate_self="false" />
31:         <MutateResidue name="mutate_7" residue_selector="residue7" new_res="VAL" eserve_atom_coords="true" mutate_self="false" />
32:         <MutateResidue name="mutate_8" residue_selector="residue8" new_res="BIP" eserve_atom_coords="true" mutate_self="false" />
From line 28:
Error: Element 'MutateResidue', attribute 'eserve_atom_coords': The attribute 'eserve_atom_coords' is not allowed.

23: 	<FILTERS>
24: 	</FILTERS>
25: 	<MOVERS>
26:         <MutateResidue name="mutate_2" residue_selector="residue2" new_res="C27" eserve_atom_coords="true" mutate_self="false" />
27:         <MutateResidue name="mutate_3" residue_selector="residue3" new_res="ARG" eserve_atom_coords="true" mutate_self="false" />
28:         <MutateResidue name="mutate_4" residue_selector="residue4" new_res="ASP" eserve_atom_coords="true" mutate_self="false" />
29:         <MutateResidue name="mutate_5" residue_selector="residue5" new_res="TYR" eserve_atom_coords="true" mutate_self="false" />
30:         <MutateResidue name="mutate_6" residue_selector="residue6" new_res="TYR" eserve_atom_coords="true" mutate_self="false" />
31:         <MutateResidue name="mutate_7" residue_selector="residue7" new_res="VAL" eserve_atom_coords="true" mutate_self="false" />
32:         <MutateResidue name="mutate_8" residue_selector="residue8" new_res="BIP" eserve_atom_coords="true" mutate_self="false" />
33:         <MutateResidue name="mutate_9" residue_selector="residue9" new_res="ASP" eserve_atom_coords="true" mutate_self="false" />
From line 29:
Error: Element 'MutateResidue', attribute 'eserve_atom_coords': The attribute 'eserve_atom_coords' is not allowed.

24: 	</FILTERS>
25: 	<MOVERS>
26:         <MutateResidue name="mutate_2" residue_selector="residue2" new_res="C27" eserve_atom_coords="true" mutate_self="false" />
27:         <MutateResidue name="mutate_3" residue_selector="residue3" new_res="ARG" eserve_atom_coords="true" mutate_self="false" />
28:         <MutateResidue name="mutate_4" residue_selector="residue4" new_res="ASP" eserve_atom_coords="true" mutate_self="false" />
29:         <MutateResidue name="mutate_5" residue_selector="residue5" new_res="TYR" eserve_atom_coords="true" mutate_self="false" />
30:         <MutateResidue name="mutate_6" residue_selector="residue6" new_res="TYR" eserve_atom_coords="true" mutate_self="false" />
31:         <MutateResidue name="mutate_7" residue_selector="residue7" new_res="VAL" eserve_atom_coords="true" mutate_self="false" />
32:         <MutateResidue name="mutate_8" residue_selector="residue8" new_res="BIP" eserve_atom_coords="true" mutate_self="false" />
33:         <MutateResidue name="mutate_9" residue_selector="residue9" new_res="ASP" eserve_atom_coords="true" mutate_self="false" />
34:         <MutateResidue name="mutate_10" residue_selector="residue10" new_res="VAL" eserve_atom_coords="true" mutate_self="false" />
From line 30:
Error: Element 'MutateResidue', attribute 'eserve_atom_coords': The attribute 'eserve_atom_coords' is not allowed.

25: 	<MOVERS>
26:         <MutateResidue name="mutate_2" residue_selector="residue2" new_res="C27" eserve_atom_coords="true" mutate_self="false" />
27:         <MutateResidue name="mutate_3" residue_selector="residue3" new_res="ARG" eserve_atom_coords="true" mutate_self="false" />
28:         <MutateResidue name="mutate_4" residue_selector="residue4" new_res="ASP" eserve_atom_coords="true" mutate_self="false" />
29:         <MutateResidue name="mutate_5" residue_selector="residue5" new_res="TYR" eserve_atom_coords="true" mutate_self="false" />
30:         <MutateResidue name="mutate_6" residue_selector="residue6" new_res="TYR" eserve_atom_coords="true" mutate_self="false" />
31:         <MutateResidue name="mutate_7" residue_selector="residue7" new_res="VAL" eserve_atom_coords="true" mutate_self="false" />
32:         <MutateResidue name="mutate_8" residue_selector="residue8" new_res="BIP" eserve_atom_coords="true" mutate_self="false" />
33:         <MutateResidue name="mutate_9" residue_selector="residue9" new_res="ASP" eserve_atom_coords="true" mutate_self="false" />
34:         <MutateResidue name="mutate_10" residue_selector="residue10" new_res="VAL" eserve_atom_coords="true" mutate_self="false" />
35:         <MutateResidue name="mutate_11" residue_selector="residue11" new_res="TIC" eserve_atom_coords="true" mutate_self="false" />
From line 31:
Error: Element 'MutateResidue', attribute 'eserve_atom_coords': The attribute 'eserve_atom_coords' is not allowed.

26:         <MutateResidue name="mutate_2" residue_selector="residue2" new_res="C27" eserve_atom_coords="true" mutate_self="false" />
27:         <MutateResidue name="mutate_3" residue_selector="residue3" new_res="ARG" eserve_atom_coords="true" mutate_self="false" />
28:         <MutateResidue name="mutate_4" residue_selector="residue4" new_res="ASP" eserve_atom_coords="true" mutate_self="false" />
29:         <MutateResidue name="mutate_5" residue_selector="residue5" new_res="TYR" eserve_atom_coords="true" mutate_self="false" />
30:         <MutateResidue name="mutate_6" residue_selector="residue6" new_res="TYR" eserve_atom_coords="true" mutate_self="false" />
31:         <MutateResidue name="mutate_7" residue_selector="residue7" new_res="VAL" eserve_atom_coords="true" mutate_self="false" />
32:         <MutateResidue name="mutate_8" residue_selector="residue8" new_res="BIP" eserve_atom_coords="true" mutate_self="false" />
33:         <MutateResidue name="mutate_9" residue_selector="residue9" new_res="ASP" eserve_atom_coords="true" mutate_self="false" />
34:         <MutateResidue name="mutate_10" residue_selector="residue10" new_res="VAL" eserve_atom_coords="true" mutate_self="false" />
35:         <MutateResidue name="mutate_11" residue_selector="residue11" new_res="TIC" eserve_atom_coords="true" mutate_self="false" />
36:         <ModifyVariantType name="vartype" add_type="CTERM_AMIDATION" residue_selector="select_cterm" />
From line 32:
Error: Element 'MutateResidue', attribute 'eserve_atom_coords': The attribute 'eserve_atom_coords' is not allowed.

27:         <MutateResidue name="mutate_3" residue_selector="residue3" new_res="ARG" eserve_atom_coords="true" mutate_self="false" />
28:         <MutateResidue name="mutate_4" residue_selector="residue4" new_res="ASP" eserve_atom_coords="true" mutate_self="false" />
29:         <MutateResidue name="mutate_5" residue_selector="residue5" new_res="TYR" eserve_atom_coords="true" mutate_self="false" />
30:         <MutateResidue name="mutate_6" residue_selector="residue6" new_res="TYR" eserve_atom_coords="true" mutate_self="false" />
31:         <MutateResidue name="mutate_7" residue_selector="residue7" new_res="VAL" eserve_atom_coords="true" mutate_self="false" />
32:         <MutateResidue name="mutate_8" residue_selector="residue8" new_res="BIP" eserve_atom_coords="true" mutate_self="false" />
33:         <MutateResidue name="mutate_9" residue_selector="residue9" new_res="ASP" eserve_atom_coords="true" mutate_self="false" />
34:         <MutateResidue name="mutate_10" residue_selector="residue10" new_res="VAL" eserve_atom_coords="true" mutate_self="false" />
35:         <MutateResidue name="mutate_11" residue_selector="residue11" new_res="TIC" eserve_atom_coords="true" mutate_self="false" />
36:         <ModifyVariantType name="vartype" add_type="CTERM_AMIDATION" residue_selector="select_cterm" />
37:         <DeclareBond name="new_bond" atom1="CP" atom2="SG" res1="1" res2="12" add_termini="true" />
From line 33:
Error: Element 'MutateResidue', attribute 'eserve_atom_coords': The attribute 'eserve_atom_coords' is not allowed.

28:         <MutateResidue name="mutate_4" residue_selector="residue4" new_res="ASP" eserve_atom_coords="true" mutate_self="false" />
29:         <MutateResidue name="mutate_5" residue_selector="residue5" new_res="TYR" eserve_atom_coords="true" mutate_self="false" />
30:         <MutateResidue name="mutate_6" residue_selector="residue6" new_res="TYR" eserve_atom_coords="true" mutate_self="false" />
31:         <MutateResidue name="mutate_7" residue_selector="residue7" new_res="VAL" eserve_atom_coords="true" mutate_self="false" />
32:         <MutateResidue name="mutate_8" residue_selector="residue8" new_res="BIP" eserve_atom_coords="true" mutate_self="false" />
33:         <MutateResidue name="mutate_9" residue_selector="residue9" new_res="ASP" eserve_atom_coords="true" mutate_self="false" />
34:         <MutateResidue name="mutate_10" residue_selector="residue10" new_res="VAL" eserve_atom_coords="true" mutate_self="false" />
35:         <MutateResidue name="mutate_11" residue_selector="residue11" new_res="TIC" eserve_atom_coords="true" mutate_self="false" />
36:         <ModifyVariantType name="vartype" add_type="CTERM_AMIDATION" residue_selector="select_cterm" />
37:         <DeclareBond name="new_bond" atom1="CP" atom2="SG" res1="1" res2="12" add_termini="true" />
38:         <RotamerTrialsMinMover name="rotmin" scorefxn="ref15sfxn" task_operations="rtrp" />
From line 34:
Error: Element 'MutateResidue', attribute 'eserve_atom_coords': The attribute 'eserve_atom_coords' is not allowed.

29:         <MutateResidue name="mutate_5" residue_selector="residue5" new_res="TYR" eserve_atom_coords="true" mutate_self="false" />
30:         <MutateResidue name="mutate_6" residue_selector="residue6" new_res="TYR" eserve_atom_coords="true" mutate_self="false" />
31:         <MutateResidue name="mutate_7" residue_selector="residue7" new_res="VAL" eserve_atom_coords="true" mutate_self="false" />
32:         <MutateResidue name="mutate_8" residue_selector="residue8" new_res="BIP" eserve_atom_coords="true" mutate_self="false" />
33:         <MutateResidue name="mutate_9" residue_selector="residue9" new_res="ASP" eserve_atom_coords="true" mutate_self="false" />
34:         <MutateResidue name="mutate_10" residue_selector="residue10" new_res="VAL" eserve_atom_coords="true" mutate_self="false" />
35:         <MutateResidue name="mutate_11" residue_selector="residue11" new_res="TIC" eserve_atom_coords="true" mutate_self="false" />
36:         <ModifyVariantType name="vartype" add_type="CTERM_AMIDATION" residue_selector="select_cterm" />
37:         <DeclareBond name="new_bond" atom1="CP" atom2="SG" res1="1" res2="12" add_termini="true" />
38:         <RotamerTrialsMinMover name="rotmin" scorefxn="ref15sfxn" task_operations="rtrp" />
39:         <FastRelax name="relax" scorefxn="fullatom" task_operations="rtrp" relaxscript="default" cartesian= "true" bondangle="true" bondlength="true" >
From line 35:
Error: Element 'MutateResidue', attribute 'eserve_atom_coords': The attribute 'eserve_atom_coords' is not allowed.

30:         <MutateResidue name="mutate_6" residue_selector="residue6" new_res="TYR" eserve_atom_coords="true" mutate_self="false" />
31:         <MutateResidue name="mutate_7" residue_selector="residue7" new_res="VAL" eserve_atom_coords="true" mutate_self="false" />
32:         <MutateResidue name="mutate_8" residue_selector="residue8" new_res="BIP" eserve_atom_coords="true" mutate_self="false" />
33:         <MutateResidue name="mutate_9" residue_selector="residue9" new_res="ASP" eserve_atom_coords="true" mutate_self="false" />
34:         <MutateResidue name="mutate_10" residue_selector="residue10" new_res="VAL" eserve_atom_coords="true" mutate_self="false" />
35:         <MutateResidue name="mutate_11" residue_selector="residue11" new_res="TIC" eserve_atom_coords="true" mutate_self="false" />
36:         <ModifyVariantType name="vartype" add_type="CTERM_AMIDATION" residue_selector="select_cterm" />
37:         <DeclareBond name="new_bond" atom1="CP" atom2="SG" res1="1" res2="12" add_termini="true" />
38:         <RotamerTrialsMinMover name="rotmin" scorefxn="ref15sfxn" task_operations="rtrp" />
39:         <FastRelax name="relax" scorefxn="fullatom" task_operations="rtrp" relaxscript="default" cartesian= "true" bondangle="true" bondlength="true" >
40:         </FastRelax> 
------------------------------------------------------------
Warning messages were:
------------------------------------------------------------


[END_MESSAGE]
[END_CRASH_REPORT]

##############################################################################################################
#
# Rosetta crash log. Please submit the contents of this file to http://crash.rosettacommons.org/
# or use the script Rosetta/main/source/scripts/python/public/report_crashes.py
#

[START_CRASH_REPORT]
[ROSETTA_VERSION]: 2023.24+release.9fbc647ae70
[COMMIT_DATE]: 2023-06-12T20:26:27.842148
[APPLICATION]: /Users/willete3/rosetta.binary.mac.release-351/main/source/bin/rosetta_scripts.static.macosclangrelease
[MODE]: Release
[EXTRAS]: default
[OS]: Apple Mac OS X
[COMPILER]: Clang version "9.0.0 (clang-900.0.39.2)"
[STDLIB]: libc++ version 4000
[START_OPTIONS]
 -in:file:s=hNSP4_14mer_align.pdb -in:file:extra_res=BIP.params TIC.params -in:file:fullatom -inout:write_all_connect_info -out:overwrite -out:nstruct=1 -out:prefix=MDOCK_ -out:pdb -out:mute=protocols.generalized_kinematic_closure.filter.GeneralizedKICfilter core.chemical.AtomICoor core.conformation.Residue -out:file:scorefile=score_MutatePACK -parser:protocol=MutateAF_Fix.xml -jd2:failed_job_exception=false

[END_OPTIONS]

[START_BACKTRACE]: RAW_LIBC
1   rosetta_scripts.static.macosclangre 0x000000010823c194 utility::save_crash_report(char const*, std::__1::basic_string<char, std::__1::char_traits<char>, std::__1::allocator<char> > const&, int) + 36
2   rosetta_scripts.static.macosclangre 0x000000010823be65 utility::signal_handler(int) + 309
3   libsystem_platform.dylib            0x00007ff81ae7edfd _sigtramp + 29
4   ???                                 0x0000000000000003 0x0 + 3
5   rosetta_scripts.static.macosclangre 0x0000000106593e6e protocols::rosetta_scripts::ParsedProtocol::apply(core::pose::Pose&) + 942
6   rosetta_scripts.static.macosclangre 0x00000001066143b4 protocols::jd2::JobDistributor::run_one_job(std::__1::shared_ptr<protocols::moves::Mover>&, long, std::__1::basic_string<char, std::__1::char_traits<char>, std::__1::allocator<char> >&, std::__1::basic_string<char, std::__1::char_traits<char>, std::__1::allocator<char> >&, unsigned long&, unsigned long&, bool) + 7588
7   rosetta_scripts.static.macosclangre 0x0000000106611a33 protocols::jd2::JobDistributor::go_main(std::__1::shared_ptr<protocols::moves::Mover>) + 195
8   rosetta_scripts.static.macosclangre 0x000000010660d482 protocols::jd2::FileSystemJobDistributor::go(std::__1::shared_ptr<protocols::moves::Mover>) + 66
9   rosetta_scripts.static.macosclangre 0x0000000104306a34 main + 1444
10  dyld                                0x000000020bc4652e start + 462
11  ???                                 0x0000000000000003 0x0 + 3

[END_BACKTRACE]

[FILE]: SIGSEGV
[LINE]: 11
[START_MESSAGE]
Segmentation Fault

[END_MESSAGE]
[END_CRASH_REPORT]

##############################################################################################################
#
# Rosetta crash log. Please submit the contents of this file to http://crash.rosettacommons.org/
# or use the script Rosetta/main/source/scripts/python/public/report_crashes.py
#

[START_CRASH_REPORT]
[ROSETTA_VERSION]: 2023.24+release.9fbc647ae70
[COMMIT_DATE]: 2023-06-12T20:26:27.842148
[APPLICATION]: /Users/willete3/rosetta.binary.mac.release-351/main/source/bin/rosetta_scripts.static.macosclangrelease
[MODE]: Release
[EXTRAS]: default
[OS]: Apple Mac OS X
[COMPILER]: Clang version "9.0.0 (clang-900.0.39.2)"
[STDLIB]: libc++ version 4000
[START_OPTIONS]
 -in:file:s=hNSP4_12mer_align.pdb -in:file:extra_res=BIP.params TIC.params -in:file:fullatom -inout:write_all_connect_info -out:overwrite -out:nstruct=1 -out:prefix=MDOCK_ -out:pdb -out:mute=protocols.generalized_kinematic_closure.filter.GeneralizedKICfilter core.chemical.AtomICoor core.conformation.Residue -out:file:scorefile=score_MutatePACK -parser:protocol=MutateAF_Fix.xml -jd2:failed_job_exception=false

[END_OPTIONS]

[START_BACKTRACE]: RAW_LIBC
0   rosetta_scripts.static.macosclangre 0x000000010849e18f backtrace_string(int) + 79
1   rosetta_scripts.static.macosclangre 0x0000000108408a1c utility::excn::Exception::Exception(char const*, int, std::__1::basic_string<char, std::__1::char_traits<char>, std::__1::allocator<char> > const&) + 204
2   rosetta_scripts.static.macosclangre 0x00000001084a1b2c utility::UtilityExitException::UtilityExitException(char const*, int, std::__1::basic_string<char, std::__1::char_traits<char>, std::__1::allocator<char> > const&) + 108
3   rosetta_scripts.static.macosclangre 0x00000001084a1a67 utility::exit(char const*, int, std::__1::basic_string<char, std::__1::char_traits<char>, std::__1::allocator<char> > const&, int) + 55
4   rosetta_scripts.static.macosclangre 0x00000001068d681e core::import_pose::pose_from_file(core::pose::Pose&, core::chemical::ResidueTypeSet const&, std::__1::basic_string<char, std::__1::char_traits<char>, std::__1::allocator<char> > const&, core::import_pose::ImportPoseOptions const&, bool, core::import_pose::FileType) + 2942
5   rosetta_scripts.static.macosclangre 0x00000001068d537f core::import_pose::pose_from_file(core::pose::Pose&, std::__1::basic_string<char, std::__1::char_traits<char>, std::__1::allocator<char> > const&, core::import_pose::ImportPoseOptions const&, bool, core::import_pose::FileType) + 319
6   rosetta_scripts.static.macosclangre 0x00000001068d4084 core::import_pose::pose_from_file(core::pose::Pose&, std::__1::basic_string<char, std::__1::char_traits<char>, std::__1::allocator<char> > const&, bool, core::import_pose::FileType) + 68
7   rosetta_scripts.static.macosclangre 0x00000001068907ff protocols::jd2::PDBJobInputter::pose_from_job(core::pose::Pose&, std::__1::shared_ptr<protocols::jd2::Job>) + 1967
8   rosetta_scripts.static.macosclangre 0x000000010687604c protocols::jd2::JobDistributor::run_one_job(std::__1::shared_ptr<protocols::moves::Mover>&, long, std::__1::basic_string<char, std::__1::char_traits<char>, std::__1::allocator<char> >&, std::__1::basic_string<char, std::__1::char_traits<char>, std::__1::allocator<char> >&, unsigned long&, unsigned long&, bool) + 2620
9   rosetta_scripts.static.macosclangre 0x0000000106874a33 protocols::jd2::JobDistributor::go_main(std::__1::shared_ptr<protocols::moves::Mover>) + 195
10  rosetta_scripts.static.macosclangre 0x0000000106870482 protocols::jd2::FileSystemJobDistributor::go(std::__1::shared_ptr<protocols::moves::Mover>) + 66
11  rosetta_scripts.static.macosclangre 0x0000000104569a34 main + 1444
12  dyld                                0x000000020c05852e start + 462
13  ???                                 0x0000000000000003 0x0 + 3

[END_BACKTRACE]

[FILE]: src/core/import_pose/import_pose.cc
[LINE]: 361
[START_MESSAGE]
[ ERROR ] UtilityExitException
ERROR: Cannot open file "hNSP4_12mer_align.pdb"



[END_MESSAGE]
[END_CRASH_REPORT]

##############################################################################################################
#
# Rosetta crash log. Please submit the contents of this file to http://crash.rosettacommons.org/
# or use the script Rosetta/main/source/scripts/python/public/report_crashes.py
#

[START_CRASH_REPORT]
[ROSETTA_VERSION]: 2023.24+release.9fbc647ae70
[COMMIT_DATE]: 2023-06-12T20:26:27.842148
[APPLICATION]: /Users/willete3/rosetta.binary.mac.release-351/main/source/bin/rosetta_scripts.static.macosclangrelease
[MODE]: Release
[EXTRAS]: default
[OS]: Apple Mac OS X
[COMPILER]: Clang version "9.0.0 (clang-900.0.39.2)"
[STDLIB]: libc++ version 4000
[START_OPTIONS]
 -in:file:s=hNSP4_MC_12mer.pdb -in:file:extra_res=BIP.params TIC.params -in:file:fullatom -inout:write_all_connect_info -out:overwrite -out:nstruct=1 -out:prefix=MDOCK_ -out:pdb -out:mute=protocols.generalized_kinematic_closure.filter.GeneralizedKICfilter core.chemical.AtomICoor core.conformation.Residue -out:file:scorefile=score_MutatePACK -parser:protocol=MutateAF_Fix.xml -jd2:failed_job_exception=false

[END_OPTIONS]

[START_BACKTRACE]: RAW_LIBC
0   rosetta_scripts.static.macosclangre 0x00000001044a918f backtrace_string(int) + 79
1   rosetta_scripts.static.macosclangre 0x0000000104413a1c utility::excn::Exception::Exception(char const*, int, std::__1::basic_string<char, std::__1::char_traits<char>, std::__1::allocator<char> > const&) + 204
2   rosetta_scripts.static.macosclangre 0x00000001044acb2c utility::UtilityExitException::UtilityExitException(char const*, int, std::__1::basic_string<char, std::__1::char_traits<char>, std::__1::allocator<char> > const&) + 108
3   rosetta_scripts.static.macosclangre 0x00000001044aca67 utility::exit(char const*, int, std::__1::basic_string<char, std::__1::char_traits<char>, std::__1::allocator<char> > const&, int) + 55
4   rosetta_scripts.static.macosclangre 0x00000001028e181e core::import_pose::pose_from_file(core::pose::Pose&, core::chemical::ResidueTypeSet const&, std::__1::basic_string<char, std::__1::char_traits<char>, std::__1::allocator<char> > const&, core::import_pose::ImportPoseOptions const&, bool, core::import_pose::FileType) + 2942
5   rosetta_scripts.static.macosclangre 0x00000001028e037f core::import_pose::pose_from_file(core::pose::Pose&, std::__1::basic_string<char, std::__1::char_traits<char>, std::__1::allocator<char> > const&, core::import_pose::ImportPoseOptions const&, bool, core::import_pose::FileType) + 319
6   rosetta_scripts.static.macosclangre 0x00000001028df084 core::import_pose::pose_from_file(core::pose::Pose&, std::__1::basic_string<char, std::__1::char_traits<char>, std::__1::allocator<char> > const&, bool, core::import_pose::FileType) + 68
7   rosetta_scripts.static.macosclangre 0x000000010289b7ff protocols::jd2::PDBJobInputter::pose_from_job(core::pose::Pose&, std::__1::shared_ptr<protocols::jd2::Job>) + 1967
8   rosetta_scripts.static.macosclangre 0x000000010288104c protocols::jd2::JobDistributor::run_one_job(std::__1::shared_ptr<protocols::moves::Mover>&, long, std::__1::basic_string<char, std::__1::char_traits<char>, std::__1::allocator<char> >&, std::__1::basic_string<char, std::__1::char_traits<char>, std::__1::allocator<char> >&, unsigned long&, unsigned long&, bool) + 2620
9   rosetta_scripts.static.macosclangre 0x000000010287fa33 protocols::jd2::JobDistributor::go_main(std::__1::shared_ptr<protocols::moves::Mover>) + 195
10  rosetta_scripts.static.macosclangre 0x000000010287b482 protocols::jd2::FileSystemJobDistributor::go(std::__1::shared_ptr<protocols::moves::Mover>) + 66
11  rosetta_scripts.static.macosclangre 0x0000000100574a34 main + 1444
12  dyld                                0x0000000207f6552e start + 462
13  dyld                                0x0000000207f60000 dyld + 0

[END_BACKTRACE]

[FILE]: src/core/import_pose/import_pose.cc
[LINE]: 361
[START_MESSAGE]
[ ERROR ] UtilityExitException
ERROR: Cannot open file "hNSP4_MC_12mer.pdb"



[END_MESSAGE]
[END_CRASH_REPORT]

##############################################################################################################
#
# Rosetta crash log. Please submit the contents of this file to http://crash.rosettacommons.org/
# or use the script Rosetta/main/source/scripts/python/public/report_crashes.py
#

[START_CRASH_REPORT]
[ROSETTA_VERSION]: 2023.24+release.9fbc647ae70
[COMMIT_DATE]: 2023-06-12T20:26:27.842148
[APPLICATION]: /Users/willete3/rosetta.binary.mac.release-351/main/source/bin/rosetta_scripts.static.macosclangrelease
[MODE]: Release
[EXTRAS]: default
[OS]: Apple Mac OS X
[COMPILER]: Clang version "9.0.0 (clang-900.0.39.2)"
[STDLIB]: libc++ version 4000
[START_OPTIONS]
 -in:file:s=Mutate_MCnative_CBLcombined.pdb -in:file:fullatom -out:overwrite -out:nstruct=10 -out:prefix=Mutate_Dock_0_ -out:pdb -out:file:scorefile=score_MutDock_native -parser:protocol=Mutating_MC_docking.xml

[END_OPTIONS]

[START_BACKTRACE]: RAW_LIBC
0   rosetta_scripts.static.macosclangre 0x0000000104ec418f backtrace_string(int) + 79
1   rosetta_scripts.static.macosclangre 0x0000000104e2ea1c utility::excn::Exception::Exception(char const*, int, std::__1::basic_string<char, std::__1::char_traits<char>, std::__1::allocator<char> > const&) + 204
2   rosetta_scripts.static.macosclangre 0x0000000104ec7b2c utility::UtilityExitException::UtilityExitException(char const*, int, std::__1::basic_string<char, std::__1::char_traits<char>, std::__1::allocator<char> > const&) + 108
3   rosetta_scripts.static.macosclangre 0x0000000104ec7a67 utility::exit(char const*, int, std::__1::basic_string<char, std::__1::char_traits<char>, std::__1::allocator<char> > const&, int) + 55
4   rosetta_scripts.static.macosclangre 0x00000001032fc81e core::import_pose::pose_from_file(core::pose::Pose&, core::chemical::ResidueTypeSet const&, std::__1::basic_string<char, std::__1::char_traits<char>, std::__1::allocator<char> > const&, core::import_pose::ImportPoseOptions const&, bool, core::import_pose::FileType) + 2942
5   rosetta_scripts.static.macosclangre 0x00000001032fb37f core::import_pose::pose_from_file(core::pose::Pose&, std::__1::basic_string<char, std::__1::char_traits<char>, std::__1::allocator<char> > const&, core::import_pose::ImportPoseOptions const&, bool, core::import_pose::FileType) + 319
6   rosetta_scripts.static.macosclangre 0x00000001032fa084 core::import_pose::pose_from_file(core::pose::Pose&, std::__1::basic_string<char, std::__1::char_traits<char>, std::__1::allocator<char> > const&, bool, core::import_pose::FileType) + 68
7   rosetta_scripts.static.macosclangre 0x00000001032b67ff protocols::jd2::PDBJobInputter::pose_from_job(core::pose::Pose&, std::__1::shared_ptr<protocols::jd2::Job>) + 1967
8   rosetta_scripts.static.macosclangre 0x000000010329c04c protocols::jd2::JobDistributor::run_one_job(std::__1::shared_ptr<protocols::moves::Mover>&, long, std::__1::basic_string<char, std::__1::char_traits<char>, std::__1::allocator<char> >&, std::__1::basic_string<char, std::__1::char_traits<char>, std::__1::allocator<char> >&, unsigned long&, unsigned long&, bool) + 2620
9   rosetta_scripts.static.macosclangre 0x000000010329aa33 protocols::jd2::JobDistributor::go_main(std::__1::shared_ptr<protocols::moves::Mover>) + 195
10  rosetta_scripts.static.macosclangre 0x0000000103296482 protocols::jd2::FileSystemJobDistributor::go(std::__1::shared_ptr<protocols::moves::Mover>) + 66
11  rosetta_scripts.static.macosclangre 0x0000000100f8fa34 main + 1444
12  dyld                                0x0000000208ae852e start + 462
13  dyld                                0x0000000208ae3000 dyld + 0

[END_BACKTRACE]

[FILE]: src/core/import_pose/import_pose.cc
[LINE]: 361
[START_MESSAGE]
[ ERROR ] UtilityExitException
ERROR: Cannot open file "Mutate_MCnative_CBLcombined.pdb"



[END_MESSAGE]
[END_CRASH_REPORT]

